{"C:\\Users\\jason\\Projects\\tenso\\index.js":{"path":"C:\\Users\\jason\\Projects\\tenso\\index.js","statementMap":{"0":{"start":{"line":3,"column":11},"end":{"line":3,"column":24}},"1":{"start":{"line":4,"column":8},"end":{"line":4,"column":23}},"2":{"start":{"line":5,"column":9},"end":{"line":5,"column":30}},"3":{"start":{"line":6,"column":8},"end":{"line":6,"column":29}},"4":{"start":{"line":7,"column":8},"end":{"line":7,"column":17}},"5":{"start":{"line":8,"column":7},"end":{"line":8,"column":47}},"6":{"start":{"line":9,"column":9},"end":{"line":9,"column":52}},"7":{"start":{"line":10,"column":15},"end":{"line":10,"column":60}},"8":{"start":{"line":11,"column":14},"end":{"line":11,"column":58}},"9":{"start":{"line":14,"column":0},"end":{"line":14,"column":14}},"10":{"start":{"line":15,"column":0},"end":{"line":15,"column":15}},"11":{"start":{"line":17,"column":0},"end":{"line":27,"column":1}},"12":{"start":{"line":18,"column":16},"end":{"line":18,"column":23}},"13":{"start":{"line":20,"column":1},"end":{"line":26,"column":2}},"14":{"start":{"line":21,"column":2},"end":{"line":25,"column":3}},"15":{"start":{"line":22,"column":3},"end":{"line":22,"column":32}},"16":{"start":{"line":24,"column":3},"end":{"line":24,"column":20}},"17":{"start":{"line":30,"column":13},"end":{"line":30,"column":20}},"18":{"start":{"line":32,"column":1},"end":{"line":35,"column":2}},"19":{"start":{"line":33,"column":2},"end":{"line":33,"column":41}},"20":{"start":{"line":34,"column":2},"end":{"line":34,"column":18}},"21":{"start":{"line":37,"column":1},"end":{"line":39,"column":2}},"22":{"start":{"line":38,"column":2},"end":{"line":38,"column":28}},"23":{"start":{"line":41,"column":1},"end":{"line":41,"column":27}},"24":{"start":{"line":43,"column":1},"end":{"line":43,"column":76}},"25":{"start":{"line":44,"column":1},"end":{"line":44,"column":117}},"26":{"start":{"line":45,"column":1},"end":{"line":45,"column":34}},"27":{"start":{"line":47,"column":1},"end":{"line":50,"column":2}},"28":{"start":{"line":48,"column":2},"end":{"line":48,"column":53}},"29":{"start":{"line":49,"column":2},"end":{"line":49,"column":104}},"30":{"start":{"line":52,"column":1},"end":{"line":55,"column":4}},"31":{"start":{"line":53,"column":2},"end":{"line":53,"column":27}},"32":{"start":{"line":54,"column":2},"end":{"line":54,"column":18}},"33":{"start":{"line":57,"column":1},"end":{"line":57,"column":31}},"34":{"start":{"line":60,"column":0},"end":{"line":60,"column":25}}},"fnMap":{"0":{"name":"factory","decl":{"start":{"line":29,"column":9},"end":{"line":29,"column":16}},"loc":{"start":{"line":29,"column":31},"end":{"line":58,"column":1}},"line":29},"1":{"name":"(anonymous_1)","decl":{"start":{"line":52,"column":23},"end":{"line":52,"column":24}},"loc":{"start":{"line":52,"column":35},"end":{"line":55,"column":2}},"line":52}},"branchMap":{"0":{"loc":{"start":{"line":20,"column":1},"end":{"line":26,"column":2}},"type":"if","locations":[{"start":{"line":20,"column":1},"end":{"line":26,"column":2}},{"start":{"line":20,"column":1},"end":{"line":26,"column":2}}],"line":20},"1":{"loc":{"start":{"line":20,"column":5},"end":{"line":20,"column":51}},"type":"binary-expr","locations":[{"start":{"line":20,"column":5},"end":{"line":20,"column":31}},{"start":{"line":20,"column":35},"end":{"line":20,"column":51}}],"line":20},"2":{"loc":{"start":{"line":29,"column":18},"end":{"line":29,"column":29}},"type":"default-arg","locations":[{"start":{"line":29,"column":27},"end":{"line":29,"column":29}}],"line":29},"3":{"loc":{"start":{"line":32,"column":1},"end":{"line":35,"column":2}},"type":"if","locations":[{"start":{"line":32,"column":1},"end":{"line":35,"column":2}},{"start":{"line":32,"column":1},"end":{"line":35,"column":2}}],"line":32},"4":{"loc":{"start":{"line":32,"column":5},"end":{"line":32,"column":52}},"type":"binary-expr","locations":[{"start":{"line":32,"column":5},"end":{"line":32,"column":33}},{"start":{"line":32,"column":37},"end":{"line":32,"column":52}}],"line":32},"5":{"loc":{"start":{"line":37,"column":1},"end":{"line":39,"column":2}},"type":"if","locations":[{"start":{"line":37,"column":1},"end":{"line":39,"column":2}},{"start":{"line":37,"column":1},"end":{"line":39,"column":2}}],"line":37},"6":{"loc":{"start":{"line":38,"column":16},"end":{"line":38,"column":26}},"type":"binary-expr","locations":[{"start":{"line":38,"column":16},"end":{"line":38,"column":20}},{"start":{"line":38,"column":24},"end":{"line":38,"column":26}}],"line":38},"7":{"loc":{"start":{"line":43,"column":32},"end":{"line":43,"column":74}},"type":"binary-expr","locations":[{"start":{"line":43,"column":32},"end":{"line":43,"column":43}},{"start":{"line":43,"column":47},"end":{"line":43,"column":74}}],"line":43},"8":{"loc":{"start":{"line":44,"column":39},"end":{"line":44,"column":95}},"type":"binary-expr","locations":[{"start":{"line":44,"column":39},"end":{"line":44,"column":54}},{"start":{"line":44,"column":58},"end":{"line":44,"column":95}}],"line":44},"9":{"loc":{"start":{"line":47,"column":1},"end":{"line":50,"column":2}},"type":"if","locations":[{"start":{"line":47,"column":1},"end":{"line":50,"column":2}},{"start":{"line":47,"column":1},"end":{"line":50,"column":2}}],"line":47}},"s":{"0":1,"1":1,"2":1,"3":1,"4":1,"5":1,"6":1,"7":1,"8":1,"9":1,"10":1,"11":1,"12":1,"13":1,"14":0,"15":0,"16":0,"17":17,"18":17,"19":0,"20":0,"21":17,"22":17,"23":17,"24":17,"25":17,"26":17,"27":17,"28":17,"29":17,"30":17,"31":0,"32":0,"33":17,"34":1},"f":{"0":17,"1":0},"b":{"0":[0,1],"1":[1,0],"2":[0],"3":[0,17],"4":[17,17],"5":[17,0],"6":[17,0],"7":[17,17],"8":[17,17],"9":[17,0]},"_coverageSchema":"1a1c01bbd47fc00a2c39e90264f33305004495a9","hash":"c5df444a20db9a779a1f03e374a01d29f95f7546","contentHash":"79bc502e677864aec4916a623060e109c595c4248ff596aaac5dc95450e0abfb"},"C:\\Users\\jason\\Projects\\tenso\\lib\\tenso.js":{"path":"C:\\Users\\jason\\Projects\\tenso\\lib\\tenso.js","statementMap":{"0":{"start":{"line":3,"column":13},"end":{"line":3,"column":28}},"1":{"start":{"line":4,"column":8},"end":{"line":4,"column":23}},"2":{"start":{"line":5,"column":9},"end":{"line":5,"column":25}},"3":{"start":{"line":6,"column":6},"end":{"line":6,"column":19}},"4":{"start":{"line":7,"column":15},"end":{"line":7,"column":42}},"5":{"start":{"line":8,"column":11},"end":{"line":8,"column":54}},"6":{"start":{"line":9,"column":9},"end":{"line":9,"column":50}},"7":{"start":{"line":10,"column":13},"end":{"line":10,"column":55}},"8":{"start":{"line":11,"column":13},"end":{"line":11,"column":58}},"9":{"start":{"line":12,"column":15},"end":{"line":12,"column":62}},"10":{"start":{"line":13,"column":8},"end":{"line":13,"column":48}},"11":{"start":{"line":17,"column":2},"end":{"line":17,"column":10}},"12":{"start":{"line":18,"column":2},"end":{"line":143,"column":4}},"13":{"start":{"line":144,"column":2},"end":{"line":144,"column":25}},"14":{"start":{"line":145,"column":2},"end":{"line":145,"column":25}},"15":{"start":{"line":146,"column":2},"end":{"line":146,"column":29}},"16":{"start":{"line":147,"column":2},"end":{"line":147,"column":21}},"17":{"start":{"line":148,"column":2},"end":{"line":148,"column":33}},"18":{"start":{"line":149,"column":2},"end":{"line":149,"column":21}},"19":{"start":{"line":150,"column":2},"end":{"line":150,"column":20}},"20":{"start":{"line":154,"column":2},"end":{"line":154,"column":48}},"21":{"start":{"line":158,"column":13},"end":{"line":158,"column":18}},"22":{"start":{"line":160,"column":2},"end":{"line":160,"column":24}},"23":{"start":{"line":161,"column":2},"end":{"line":161,"column":22}},"24":{"start":{"line":162,"column":2},"end":{"line":162,"column":27}},"25":{"start":{"line":163,"column":2},"end":{"line":163,"column":24}},"26":{"start":{"line":164,"column":2},"end":{"line":164,"column":20}},"27":{"start":{"line":166,"column":2},"end":{"line":169,"column":3}},"28":{"start":{"line":167,"column":3},"end":{"line":167,"column":78}},"29":{"start":{"line":168,"column":3},"end":{"line":168,"column":15}},"30":{"start":{"line":171,"column":2},"end":{"line":176,"column":3}},"31":{"start":{"line":172,"column":18},"end":{"line":172,"column":91}},"32":{"start":{"line":174,"column":3},"end":{"line":174,"column":28}},"33":{"start":{"line":175,"column":3},"end":{"line":175,"column":222}},"34":{"start":{"line":180,"column":2},"end":{"line":187,"column":3}},"35":{"start":{"line":181,"column":3},"end":{"line":186,"column":4}},"36":{"start":{"line":182,"column":4},"end":{"line":182,"column":36}},"37":{"start":{"line":183,"column":4},"end":{"line":183,"column":74}},"38":{"start":{"line":185,"column":4},"end":{"line":185,"column":30}},"39":{"start":{"line":191,"column":2},"end":{"line":191,"column":30}},"40":{"start":{"line":195,"column":2},"end":{"line":195,"column":13}},"41":{"start":{"line":199,"column":14},"end":{"line":199,"column":29}},"42":{"start":{"line":200,"column":11},"end":{"line":200,"column":35}},"43":{"start":{"line":202,"column":2},"end":{"line":207,"column":3}},"44":{"start":{"line":203,"column":18},"end":{"line":203,"column":62}},"45":{"start":{"line":205,"column":3},"end":{"line":205,"column":25}},"46":{"start":{"line":206,"column":3},"end":{"line":206,"column":77}},"47":{"start":{"line":211,"column":2},"end":{"line":211,"column":25}},"48":{"start":{"line":213,"column":2},"end":{"line":213,"column":14}},"49":{"start":{"line":217,"column":2},"end":{"line":217,"column":30}},"50":{"start":{"line":219,"column":2},"end":{"line":219,"column":14}},"51":{"start":{"line":223,"column":17},"end":{"line":223,"column":33}},"52":{"start":{"line":224,"column":8},"end":{"line":224,"column":31}},"53":{"start":{"line":225,"column":14},"end":{"line":225,"column":18}},"54":{"start":{"line":226,"column":13},"end":{"line":226,"column":52}},"55":{"start":{"line":229,"column":2},"end":{"line":236,"column":3}},"56":{"start":{"line":230,"column":3},"end":{"line":235,"column":6}},"57":{"start":{"line":238,"column":2},"end":{"line":240,"column":3}},"58":{"start":{"line":239,"column":3},"end":{"line":239,"column":51}},"59":{"start":{"line":242,"column":2},"end":{"line":242,"column":29}},"60":{"start":{"line":243,"column":2},"end":{"line":243,"column":22}},"61":{"start":{"line":244,"column":2},"end":{"line":244,"column":30}},"62":{"start":{"line":245,"column":2},"end":{"line":245,"column":22}},"63":{"start":{"line":247,"column":2},"end":{"line":255,"column":3}},"64":{"start":{"line":248,"column":3},"end":{"line":248,"column":48}},"65":{"start":{"line":249,"column":3},"end":{"line":249,"column":43}},"66":{"start":{"line":250,"column":9},"end":{"line":255,"column":3}},"67":{"start":{"line":251,"column":3},"end":{"line":251,"column":21}},"68":{"start":{"line":252,"column":3},"end":{"line":252,"column":31}},"69":{"start":{"line":254,"column":3},"end":{"line":254,"column":17}},"70":{"start":{"line":257,"column":2},"end":{"line":257,"column":42}},"71":{"start":{"line":261,"column":2},"end":{"line":263,"column":3}},"72":{"start":{"line":262,"column":3},"end":{"line":262,"column":16}},"73":{"start":{"line":265,"column":18},"end":{"line":265,"column":123}},"74":{"start":{"line":266,"column":15},"end":{"line":266,"column":17}},"75":{"start":{"line":269,"column":2},"end":{"line":276,"column":3}},"76":{"start":{"line":270,"column":20},"end":{"line":270,"column":53}},"77":{"start":{"line":272,"column":3},"end":{"line":275,"column":4}},"78":{"start":{"line":273,"column":4},"end":{"line":273,"column":22}},"79":{"start":{"line":274,"column":4},"end":{"line":274,"column":10}},"80":{"start":{"line":278,"column":2},"end":{"line":280,"column":3}},"81":{"start":{"line":279,"column":3},"end":{"line":279,"column":33}},"82":{"start":{"line":282,"column":2},"end":{"line":282,"column":35}},"83":{"start":{"line":283,"column":2},"end":{"line":283,"column":37}},"84":{"start":{"line":284,"column":2},"end":{"line":284,"column":57}},"85":{"start":{"line":286,"column":2},"end":{"line":286,"column":16}},"86":{"start":{"line":290,"column":2},"end":{"line":290,"column":35}},"87":{"start":{"line":292,"column":2},"end":{"line":292,"column":14}},"88":{"start":{"line":296,"column":2},"end":{"line":296,"column":37}},"89":{"start":{"line":298,"column":2},"end":{"line":298,"column":14}},"90":{"start":{"line":302,"column":2},"end":{"line":316,"column":3}},"91":{"start":{"line":303,"column":3},"end":{"line":313,"column":4}},"92":{"start":{"line":304,"column":4},"end":{"line":304,"column":117}},"93":{"start":{"line":304,"column":104},"end":{"line":304,"column":115}},"94":{"start":{"line":306,"column":4},"end":{"line":312,"column":88}},"95":{"start":{"line":312,"column":75},"end":{"line":312,"column":86}},"96":{"start":{"line":315,"column":3},"end":{"line":315,"column":87}},"97":{"start":{"line":318,"column":2},"end":{"line":318,"column":14}},"98":{"start":{"line":322,"column":2},"end":{"line":322,"column":44}},"99":{"start":{"line":324,"column":2},"end":{"line":324,"column":14}},"100":{"start":{"line":328,"column":2},"end":{"line":331,"column":3}},"101":{"start":{"line":329,"column":3},"end":{"line":329,"column":23}},"102":{"start":{"line":330,"column":3},"end":{"line":330,"column":22}},"103":{"start":{"line":333,"column":2},"end":{"line":333,"column":86}},"104":{"start":{"line":335,"column":2},"end":{"line":335,"column":14}},"105":{"start":{"line":339,"column":2},"end":{"line":339,"column":27}},"106":{"start":{"line":341,"column":2},"end":{"line":341,"column":14}},"107":{"start":{"line":345,"column":0},"end":{"line":345,"column":45}},"108":{"start":{"line":345,"column":27},"end":{"line":345,"column":44}}},"fnMap":{"0":{"name":"(anonymous_0)","decl":{"start":{"line":16,"column":1},"end":{"line":16,"column":2}},"loc":{"start":{"line":16,"column":16},"end":{"line":151,"column":2}},"line":16},"1":{"name":"(anonymous_1)","decl":{"start":{"line":153,"column":1},"end":{"line":153,"column":2}},"loc":{"start":{"line":153,"column":17},"end":{"line":155,"column":2}},"line":153},"2":{"name":"(anonymous_2)","decl":{"start":{"line":157,"column":1},"end":{"line":157,"column":2}},"loc":{"start":{"line":157,"column":20},"end":{"line":177,"column":2}},"line":157},"3":{"name":"(anonymous_3)","decl":{"start":{"line":179,"column":1},"end":{"line":179,"column":2}},"loc":{"start":{"line":179,"column":9},"end":{"line":188,"column":2}},"line":179},"4":{"name":"(anonymous_4)","decl":{"start":{"line":190,"column":1},"end":{"line":190,"column":2}},"loc":{"start":{"line":190,"column":23},"end":{"line":192,"column":2}},"line":190},"5":{"name":"(anonymous_5)","decl":{"start":{"line":194,"column":1},"end":{"line":194,"column":2}},"loc":{"start":{"line":194,"column":23},"end":{"line":196,"column":2}},"line":194},"6":{"name":"(anonymous_6)","decl":{"start":{"line":198,"column":1},"end":{"line":198,"column":2}},"loc":{"start":{"line":198,"column":20},"end":{"line":208,"column":2}},"line":198},"7":{"name":"(anonymous_7)","decl":{"start":{"line":210,"column":1},"end":{"line":210,"column":2}},"loc":{"start":{"line":210,"column":13},"end":{"line":214,"column":2}},"line":210},"8":{"name":"(anonymous_8)","decl":{"start":{"line":216,"column":1},"end":{"line":216,"column":2}},"loc":{"start":{"line":216,"column":28},"end":{"line":220,"column":2}},"line":216},"9":{"name":"(anonymous_9)","decl":{"start":{"line":222,"column":1},"end":{"line":222,"column":2}},"loc":{"start":{"line":222,"column":16},"end":{"line":258,"column":2}},"line":222},"10":{"name":"(anonymous_10)","decl":{"start":{"line":260,"column":1},"end":{"line":260,"column":2}},"loc":{"start":{"line":260,"column":24},"end":{"line":287,"column":2}},"line":260},"11":{"name":"(anonymous_11)","decl":{"start":{"line":289,"column":1},"end":{"line":289,"column":2}},"loc":{"start":{"line":289,"column":25},"end":{"line":293,"column":2}},"line":289},"12":{"name":"(anonymous_12)","decl":{"start":{"line":295,"column":1},"end":{"line":295,"column":2}},"loc":{"start":{"line":295,"column":27},"end":{"line":299,"column":2}},"line":295},"13":{"name":"(anonymous_13)","decl":{"start":{"line":301,"column":1},"end":{"line":301,"column":2}},"loc":{"start":{"line":301,"column":10},"end":{"line":319,"column":2}},"line":301},"14":{"name":"(anonymous_14)","decl":{"start":{"line":304,"column":98},"end":{"line":304,"column":99}},"loc":{"start":{"line":304,"column":104},"end":{"line":304,"column":115}},"line":304},"15":{"name":"(anonymous_15)","decl":{"start":{"line":312,"column":69},"end":{"line":312,"column":70}},"loc":{"start":{"line":312,"column":75},"end":{"line":312,"column":86}},"line":312},"16":{"name":"(anonymous_16)","decl":{"start":{"line":321,"column":1},"end":{"line":321,"column":2}},"loc":{"start":{"line":321,"column":50},"end":{"line":325,"column":2}},"line":321},"17":{"name":"(anonymous_17)","decl":{"start":{"line":327,"column":1},"end":{"line":327,"column":2}},"loc":{"start":{"line":327,"column":9},"end":{"line":336,"column":2}},"line":327},"18":{"name":"(anonymous_18)","decl":{"start":{"line":338,"column":1},"end":{"line":338,"column":2}},"loc":{"start":{"line":338,"column":15},"end":{"line":342,"column":2}},"line":338},"19":{"name":"(anonymous_19)","decl":{"start":{"line":345,"column":17},"end":{"line":345,"column":18}},"loc":{"start":{"line":345,"column":27},"end":{"line":345,"column":44}},"line":345}},"branchMap":{"0":{"loc":{"start":{"line":154,"column":9},"end":{"line":154,"column":47}},"type":"binary-expr","locations":[{"start":{"line":154,"column":9},"end":{"line":154,"column":31}},{"start":{"line":154,"column":35},"end":{"line":154,"column":47}}],"line":154},"1":{"loc":{"start":{"line":166,"column":2},"end":{"line":169,"column":3}},"type":"if","locations":[{"start":{"line":166,"column":2},"end":{"line":169,"column":3}},{"start":{"line":166,"column":2},"end":{"line":169,"column":3}}],"line":166},"2":{"loc":{"start":{"line":166,"column":6},"end":{"line":166,"column":151}},"type":"binary-expr","locations":[{"start":{"line":166,"column":6},"end":{"line":166,"column":42}},{"start":{"line":166,"column":46},"end":{"line":166,"column":71}},{"start":{"line":166,"column":75},"end":{"line":166,"column":109}},{"start":{"line":166,"column":113},"end":{"line":166,"column":151}}],"line":166},"3":{"loc":{"start":{"line":171,"column":2},"end":{"line":176,"column":3}},"type":"if","locations":[{"start":{"line":171,"column":2},"end":{"line":176,"column":3}},{"start":{"line":171,"column":2},"end":{"line":176,"column":3}}],"line":171},"4":{"loc":{"start":{"line":172,"column":36},"end":{"line":172,"column":81}},"type":"cond-expr","locations":[{"start":{"line":172,"column":63},"end":{"line":172,"column":70}},{"start":{"line":172,"column":73},"end":{"line":172,"column":81}}],"line":172},"5":{"loc":{"start":{"line":175,"column":102},"end":{"line":175,"column":145}},"type":"cond-expr","locations":[{"start":{"line":175,"column":109},"end":{"line":175,"column":140}},{"start":{"line":175,"column":143},"end":{"line":175,"column":145}}],"line":175},"6":{"loc":{"start":{"line":175,"column":148},"end":{"line":175,"column":218}},"type":"cond-expr","locations":[{"start":{"line":175,"column":184},"end":{"line":175,"column":213}},{"start":{"line":175,"column":216},"end":{"line":175,"column":218}}],"line":175},"7":{"loc":{"start":{"line":180,"column":2},"end":{"line":187,"column":3}},"type":"if","locations":[{"start":{"line":180,"column":2},"end":{"line":187,"column":3}},{"start":{"line":180,"column":2},"end":{"line":187,"column":3}}],"line":180},"8":{"loc":{"start":{"line":180,"column":6},"end":{"line":180,"column":101}},"type":"binary-expr","locations":[{"start":{"line":180,"column":6},"end":{"line":180,"column":38}},{"start":{"line":180,"column":42},"end":{"line":180,"column":61}},{"start":{"line":180,"column":65},"end":{"line":180,"column":101}}],"line":180},"9":{"loc":{"start":{"line":200,"column":11},"end":{"line":200,"column":35}},"type":"binary-expr","locations":[{"start":{"line":200,"column":11},"end":{"line":200,"column":29}},{"start":{"line":200,"column":33},"end":{"line":200,"column":35}}],"line":200},"10":{"loc":{"start":{"line":202,"column":2},"end":{"line":207,"column":3}},"type":"if","locations":[{"start":{"line":202,"column":2},"end":{"line":207,"column":3}},{"start":{"line":202,"column":2},"end":{"line":207,"column":3}}],"line":202},"11":{"loc":{"start":{"line":202,"column":6},"end":{"line":202,"column":56}},"type":"binary-expr","locations":[{"start":{"line":202,"column":6},"end":{"line":202,"column":17}},{"start":{"line":202,"column":21},"end":{"line":202,"column":56}}],"line":202},"12":{"loc":{"start":{"line":206,"column":29},"end":{"line":206,"column":58}},"type":"cond-expr","locations":[{"start":{"line":206,"column":49},"end":{"line":206,"column":53}},{"start":{"line":206,"column":56},"end":{"line":206,"column":58}}],"line":206},"13":{"loc":{"start":{"line":206,"column":61},"end":{"line":206,"column":73}},"type":"binary-expr","locations":[{"start":{"line":206,"column":61},"end":{"line":206,"column":67}},{"start":{"line":206,"column":71},"end":{"line":206,"column":73}}],"line":206},"14":{"loc":{"start":{"line":216,"column":11},"end":{"line":216,"column":26}},"type":"default-arg","locations":[{"start":{"line":216,"column":19},"end":{"line":216,"column":26}}],"line":216},"15":{"loc":{"start":{"line":224,"column":8},"end":{"line":224,"column":31}},"type":"binary-expr","locations":[{"start":{"line":224,"column":8},"end":{"line":224,"column":21}},{"start":{"line":224,"column":25},"end":{"line":224,"column":31}}],"line":224},"16":{"loc":{"start":{"line":229,"column":2},"end":{"line":236,"column":3}},"type":"if","locations":[{"start":{"line":229,"column":2},"end":{"line":236,"column":3}},{"start":{"line":229,"column":2},"end":{"line":236,"column":3}}],"line":229},"17":{"loc":{"start":{"line":238,"column":2},"end":{"line":240,"column":3}},"type":"if","locations":[{"start":{"line":238,"column":2},"end":{"line":240,"column":3}},{"start":{"line":238,"column":2},"end":{"line":240,"column":3}}],"line":238},"18":{"loc":{"start":{"line":247,"column":2},"end":{"line":255,"column":3}},"type":"if","locations":[{"start":{"line":247,"column":2},"end":{"line":255,"column":3}},{"start":{"line":247,"column":2},"end":{"line":255,"column":3}}],"line":247},"19":{"loc":{"start":{"line":250,"column":9},"end":{"line":255,"column":3}},"type":"if","locations":[{"start":{"line":250,"column":9},"end":{"line":255,"column":3}},{"start":{"line":250,"column":9},"end":{"line":255,"column":3}}],"line":250},"20":{"loc":{"start":{"line":261,"column":2},"end":{"line":263,"column":3}},"type":"if","locations":[{"start":{"line":261,"column":2},"end":{"line":263,"column":3}},{"start":{"line":261,"column":2},"end":{"line":263,"column":3}}],"line":261},"21":{"loc":{"start":{"line":265,"column":19},"end":{"line":265,"column":111}},"type":"binary-expr","locations":[{"start":{"line":265,"column":19},"end":{"line":265,"column":56}},{"start":{"line":265,"column":60},"end":{"line":265,"column":78}},{"start":{"line":265,"column":82},"end":{"line":265,"column":111}}],"line":265},"22":{"loc":{"start":{"line":272,"column":3},"end":{"line":275,"column":4}},"type":"if","locations":[{"start":{"line":272,"column":3},"end":{"line":275,"column":4}},{"start":{"line":272,"column":3},"end":{"line":275,"column":4}}],"line":272},"23":{"loc":{"start":{"line":278,"column":2},"end":{"line":280,"column":3}},"type":"if","locations":[{"start":{"line":278,"column":2},"end":{"line":280,"column":3}},{"start":{"line":278,"column":2},"end":{"line":280,"column":3}}],"line":278},"24":{"loc":{"start":{"line":302,"column":2},"end":{"line":316,"column":3}},"type":"if","locations":[{"start":{"line":302,"column":2},"end":{"line":316,"column":3}},{"start":{"line":302,"column":2},"end":{"line":316,"column":3}}],"line":302},"25":{"loc":{"start":{"line":303,"column":3},"end":{"line":313,"column":4}},"type":"if","locations":[{"start":{"line":303,"column":3},"end":{"line":313,"column":4}},{"start":{"line":303,"column":3},"end":{"line":313,"column":4}}],"line":303},"26":{"loc":{"start":{"line":303,"column":7},"end":{"line":303,"column":100}},"type":"binary-expr","locations":[{"start":{"line":303,"column":7},"end":{"line":303,"column":36}},{"start":{"line":303,"column":40},"end":{"line":303,"column":68}},{"start":{"line":303,"column":72},"end":{"line":303,"column":100}}],"line":303},"27":{"loc":{"start":{"line":307,"column":11},"end":{"line":307,"column":80}},"type":"cond-expr","locations":[{"start":{"line":307,"column":34},"end":{"line":307,"column":71}},{"start":{"line":307,"column":74},"end":{"line":307,"column":80}}],"line":307},"28":{"loc":{"start":{"line":308,"column":10},"end":{"line":308,"column":77}},"type":"cond-expr","locations":[{"start":{"line":308,"column":32},"end":{"line":308,"column":68}},{"start":{"line":308,"column":71},"end":{"line":308,"column":77}}],"line":308},"29":{"loc":{"start":{"line":309,"column":10},"end":{"line":309,"column":77}},"type":"cond-expr","locations":[{"start":{"line":309,"column":32},"end":{"line":309,"column":68}},{"start":{"line":309,"column":71},"end":{"line":309,"column":77}}],"line":309},"30":{"loc":{"start":{"line":321,"column":11},"end":{"line":321,"column":19}},"type":"default-arg","locations":[{"start":{"line":321,"column":17},"end":{"line":321,"column":19}}],"line":321},"31":{"loc":{"start":{"line":321,"column":21},"end":{"line":321,"column":35}},"type":"default-arg","locations":[{"start":{"line":321,"column":33},"end":{"line":321,"column":35}}],"line":321},"32":{"loc":{"start":{"line":321,"column":37},"end":{"line":321,"column":48}},"type":"default-arg","locations":[{"start":{"line":321,"column":46},"end":{"line":321,"column":48}}],"line":321},"33":{"loc":{"start":{"line":328,"column":2},"end":{"line":331,"column":3}},"type":"if","locations":[{"start":{"line":328,"column":2},"end":{"line":331,"column":3}},{"start":{"line":328,"column":2},"end":{"line":331,"column":3}}],"line":328}},"s":{"0":1,"1":1,"2":1,"3":1,"4":1,"5":1,"6":1,"7":1,"8":1,"9":1,"10":1,"11":17,"12":17,"13":17,"14":17,"15":17,"16":17,"17":17,"18":17,"19":17,"20":169,"21":93,"22":93,"23":93,"24":93,"25":93,"26":93,"27":93,"28":0,"29":0,"30":93,"31":3,"32":3,"33":3,"34":17,"35":0,"36":0,"37":0,"38":0,"39":0,"40":91,"41":0,"42":0,"43":0,"44":0,"45":0,"46":0,"47":109,"48":109,"49":17,"50":17,"51":5,"52":5,"53":5,"54":5,"55":5,"56":2,"57":5,"58":2,"59":5,"60":5,"61":5,"62":5,"63":5,"64":0,"65":0,"66":5,"67":4,"68":4,"69":1,"70":5,"71":91,"72":0,"73":91,"74":91,"75":91,"76":91,"77":91,"78":88,"79":88,"80":91,"81":3,"82":91,"83":91,"84":91,"85":91,"86":1,"87":1,"88":0,"89":0,"90":17,"91":17,"92":17,"93":17,"94":0,"95":0,"96":17,"97":17,"98":0,"99":0,"100":0,"101":0,"102":0,"103":0,"104":0,"105":0,"106":0,"107":1,"108":17},"f":{"0":17,"1":169,"2":93,"3":17,"4":0,"5":91,"6":0,"7":109,"8":17,"9":5,"10":91,"11":1,"12":0,"13":17,"14":17,"15":0,"16":0,"17":0,"18":0,"19":17},"b":{"0":[169,166],"1":[0,93],"2":[93,76,2,2],"3":[3,90],"4":[1,2],"5":[0,3],"6":[3,0],"7":[0,17],"8":[17,17,0],"9":[0,0],"10":[0,0],"11":[0,0],"12":[0,0],"13":[0,0],"14":[0],"15":[5,0],"16":[2,3],"17":[2,3],"18":[0,5],"19":[4,1],"20":[0,91],"21":[91,75,9],"22":[88,3],"23":[3,88],"24":[17,0],"25":[17,0],"26":[17,17,17],"27":[0,0],"28":[0,0],"29":[0,0],"30":[0],"31":[0],"32":[0],"33":[0,0]},"_coverageSchema":"1a1c01bbd47fc00a2c39e90264f33305004495a9","hash":"1cb6d793e34eb9af2b64842fbeeba1db5ee42abb","contentHash":"e3b7b8493119a7a0f77c5f6cb1a740dccc5b7b2e4b5accec581678206452f11d"},"C:\\Users\\jason\\Projects\\tenso\\lib\\parsers.js":{"path":"C:\\Users\\jason\\Projects\\tenso\\lib\\parsers.js","statementMap":{"0":{"start":{"line":3,"column":13},"end":{"line":3,"column":28}},"1":{"start":{"line":4,"column":11},"end":{"line":4,"column":27}},"2":{"start":{"line":5,"column":10},"end":{"line":5,"column":32}},"3":{"start":{"line":6,"column":15},"end":{"line":6,"column":56}},"4":{"start":{"line":8,"column":16},"end":{"line":26,"column":2}},"5":{"start":{"line":12,"column":16},"end":{"line":12,"column":57}},"6":{"start":{"line":13,"column":13},"end":{"line":13,"column":15}},"7":{"start":{"line":15,"column":3},"end":{"line":17,"column":4}},"8":{"start":{"line":16,"column":4},"end":{"line":16,"column":116}},"9":{"start":{"line":19,"column":3},"end":{"line":19,"column":17}},"10":{"start":{"line":24,"column":9},"end":{"line":24,"column":24}},"11":{"start":{"line":28,"column":0},"end":{"line":28,"column":25}}},"fnMap":{"0":{"name":"(anonymous_0)","decl":{"start":{"line":11,"column":2},"end":{"line":11,"column":3}},"loc":{"start":{"line":11,"column":9},"end":{"line":20,"column":3}},"line":11},"1":{"name":"(anonymous_1)","decl":{"start":{"line":24,"column":2},"end":{"line":24,"column":3}},"loc":{"start":{"line":24,"column":9},"end":{"line":24,"column":24}},"line":24}},"branchMap":{"0":{"loc":{"start":{"line":12,"column":16},"end":{"line":12,"column":57}},"type":"cond-expr","locations":[{"start":{"line":12,"column":22},"end":{"line":12,"column":52}},{"start":{"line":12,"column":55},"end":{"line":12,"column":57}}],"line":12}},"s":{"0":1,"1":1,"2":1,"3":1,"4":1,"5":0,"6":0,"7":0,"8":0,"9":0,"10":4,"11":1},"f":{"0":0,"1":4},"b":{"0":[0,0]},"_coverageSchema":"1a1c01bbd47fc00a2c39e90264f33305004495a9","hash":"4666b333ae0e8eafbf840f0896f0931e213c321c","contentHash":"7d7fe4797fe58a8a50bf7a694ae696c63ffc1128c50e0411c9e1d1423141d875"},"C:\\Users\\jason\\Projects\\tenso\\lib\\regex.js":{"path":"C:\\Users\\jason\\Projects\\tenso\\lib\\regex.js","statementMap":{"0":{"start":{"line":3,"column":0},"end":{"line":12,"column":2}}},"fnMap":{},"branchMap":{},"s":{"0":1},"f":{},"b":{},"_coverageSchema":"1a1c01bbd47fc00a2c39e90264f33305004495a9","hash":"f0292734841fefde9ada67979ed6c823ec4d64a1","contentHash":"9b59401969dbdfedbb3af00323d9d56c878dad60d8ffd6f472c2a4de35301982"},"C:\\Users\\jason\\Projects\\tenso\\lib\\shared.js":{"path":"C:\\Users\\jason\\Projects\\tenso\\lib\\shared.js","statementMap":{"0":{"start":{"line":4,"column":1},"end":{"line":4,"column":77}},"1":{"start":{"line":8,"column":11},"end":{"line":8,"column":17}},"2":{"start":{"line":9,"column":6},"end":{"line":9,"column":25}},"3":{"start":{"line":11,"column":1},"end":{"line":11,"column":91}},"4":{"start":{"line":14,"column":0},"end":{"line":17,"column":2}}},"fnMap":{"0":{"name":"hasBody","decl":{"start":{"line":3,"column":9},"end":{"line":3,"column":16}},"loc":{"start":{"line":3,"column":23},"end":{"line":5,"column":1}},"line":3},"1":{"name":"jsonWrap","decl":{"start":{"line":7,"column":9},"end":{"line":7,"column":17}},"loc":{"start":{"line":7,"column":24},"end":{"line":12,"column":1}},"line":7}},"branchMap":{"0":{"loc":{"start":{"line":4,"column":8},"end":{"line":4,"column":76}},"type":"binary-expr","locations":[{"start":{"line":4,"column":8},"end":{"line":4,"column":29}},{"start":{"line":4,"column":33},"end":{"line":4,"column":53}},{"start":{"line":4,"column":57},"end":{"line":4,"column":76}}],"line":4},"1":{"loc":{"start":{"line":11,"column":8},"end":{"line":11,"column":90}},"type":"binary-expr","locations":[{"start":{"line":11,"column":9},"end":{"line":11,"column":19}},{"start":{"line":11,"column":23},"end":{"line":11,"column":33}},{"start":{"line":11,"column":39},"end":{"line":11,"column":48}},{"start":{"line":11,"column":52},"end":{"line":11,"column":61}},{"start":{"line":11,"column":67},"end":{"line":11,"column":76}},{"start":{"line":11,"column":80},"end":{"line":11,"column":89}}],"line":11}},"s":{"0":233,"1":0,"2":0,"3":0,"4":1},"f":{"0":233,"1":0},"b":{"0":[233,230,215],"1":[0,0,0,0,0,0]},"_coverageSchema":"1a1c01bbd47fc00a2c39e90264f33305004495a9","hash":"fe9ab760ffb6f957aa1a3f7318ead5867fd9a77c","contentHash":"554c2ac68980e9fad0ab12933f727119f222faee22d14677f5ebb691954da39a"},"C:\\Users\\jason\\Projects\\tenso\\lib\\renderers.js":{"path":"C:\\Users\\jason\\Projects\\tenso\\lib\\renderers.js","statementMap":{"0":{"start":{"line":3,"column":12},"end":{"line":3,"column":31}},"1":{"start":{"line":4,"column":8},"end":{"line":4,"column":25}},"2":{"start":{"line":5,"column":8},"end":{"line":5,"column":23}},"3":{"start":{"line":6,"column":7},"end":{"line":6,"column":24}},"4":{"start":{"line":7,"column":11},"end":{"line":7,"column":54}},"5":{"start":{"line":8,"column":13},"end":{"line":8,"column":22}},"6":{"start":{"line":11,"column":1},"end":{"line":11,"column":88}},"7":{"start":{"line":15,"column":1},"end":{"line":15,"column":88}},"8":{"start":{"line":19,"column":1},"end":{"line":19,"column":192}},"9":{"start":{"line":19,"column":42},"end":{"line":19,"column":59}},"10":{"start":{"line":22,"column":0},"end":{"line":22,"column":132}},"11":{"start":{"line":22,"column":53},"end":{"line":22,"column":130}},"12":{"start":{"line":23,"column":0},"end":{"line":23,"column":126}},"13":{"start":{"line":23,"column":53},"end":{"line":23,"column":124}},"14":{"start":{"line":24,"column":0},"end":{"line":24,"column":72}},"15":{"start":{"line":24,"column":52},"end":{"line":24,"column":70}},"16":{"start":{"line":25,"column":0},"end":{"line":25,"column":34}},"17":{"start":{"line":27,"column":0},"end":{"line":32,"column":3}},"18":{"start":{"line":28,"column":1},"end":{"line":28,"column":47}},"19":{"start":{"line":29,"column":1},"end":{"line":29,"column":54}},"20":{"start":{"line":31,"column":1},"end":{"line":31,"column":101}},"21":{"start":{"line":34,"column":0},"end":{"line":42,"column":3}},"22":{"start":{"line":35,"column":13},"end":{"line":35,"column":41}},"23":{"start":{"line":37,"column":1},"end":{"line":37,"column":33}},"24":{"start":{"line":38,"column":1},"end":{"line":38,"column":40}},"25":{"start":{"line":39,"column":1},"end":{"line":39,"column":146}},"26":{"start":{"line":41,"column":1},"end":{"line":41,"column":99}},"27":{"start":{"line":44,"column":0},"end":{"line":59,"column":3}},"28":{"start":{"line":45,"column":18},"end":{"line":45,"column":115}},"29":{"start":{"line":46,"column":12},"end":{"line":46,"column":28}},"30":{"start":{"line":48,"column":1},"end":{"line":58,"column":128}},"31":{"start":{"line":50,"column":63},"end":{"line":50,"column":119}},"32":{"start":{"line":51,"column":96},"end":{"line":51,"column":120}},"33":{"start":{"line":51,"column":131},"end":{"line":51,"column":209}},"34":{"start":{"line":56,"column":111},"end":{"line":56,"column":119}},"35":{"start":{"line":56,"column":130},"end":{"line":56,"column":179}},"36":{"start":{"line":61,"column":0},"end":{"line":61,"column":27}}},"fnMap":{"0":{"name":"indent","decl":{"start":{"line":10,"column":9},"end":{"line":10,"column":15}},"loc":{"start":{"line":10,"column":41},"end":{"line":12,"column":1}},"line":10},"1":{"name":"sanitize","decl":{"start":{"line":14,"column":9},"end":{"line":14,"column":17}},"loc":{"start":{"line":14,"column":24},"end":{"line":16,"column":1}},"line":14},"2":{"name":"text","decl":{"start":{"line":18,"column":9},"end":{"line":18,"column":13}},"loc":{"start":{"line":18,"column":30},"end":{"line":20,"column":1}},"line":18},"3":{"name":"(anonymous_3)","decl":{"start":{"line":19,"column":37},"end":{"line":19,"column":38}},"loc":{"start":{"line":19,"column":42},"end":{"line":19,"column":59}},"line":19},"4":{"name":"(anonymous_4)","decl":{"start":{"line":22,"column":34},"end":{"line":22,"column":35}},"loc":{"start":{"line":22,"column":53},"end":{"line":22,"column":130}},"line":22},"5":{"name":"(anonymous_5)","decl":{"start":{"line":23,"column":34},"end":{"line":23,"column":35}},"loc":{"start":{"line":23,"column":53},"end":{"line":23,"column":124}},"line":23},"6":{"name":"(anonymous_6)","decl":{"start":{"line":24,"column":33},"end":{"line":24,"column":34}},"loc":{"start":{"line":24,"column":52},"end":{"line":24,"column":70}},"line":24},"7":{"name":"(anonymous_7)","decl":{"start":{"line":27,"column":40},"end":{"line":27,"column":41}},"loc":{"start":{"line":27,"column":59},"end":{"line":32,"column":1}},"line":27},"8":{"name":"(anonymous_8)","decl":{"start":{"line":34,"column":26},"end":{"line":34,"column":27}},"loc":{"start":{"line":34,"column":45},"end":{"line":42,"column":1}},"line":34},"9":{"name":"(anonymous_9)","decl":{"start":{"line":44,"column":27},"end":{"line":44,"column":28}},"loc":{"start":{"line":44,"column":56},"end":{"line":59,"column":1}},"line":44},"10":{"name":"(anonymous_10)","decl":{"start":{"line":50,"column":58},"end":{"line":50,"column":59}},"loc":{"start":{"line":50,"column":63},"end":{"line":50,"column":119}},"line":50},"11":{"name":"(anonymous_11)","decl":{"start":{"line":51,"column":91},"end":{"line":51,"column":92}},"loc":{"start":{"line":51,"column":96},"end":{"line":51,"column":120}},"line":51},"12":{"name":"(anonymous_12)","decl":{"start":{"line":51,"column":126},"end":{"line":51,"column":127}},"loc":{"start":{"line":51,"column":131},"end":{"line":51,"column":209}},"line":51},"13":{"name":"(anonymous_13)","decl":{"start":{"line":56,"column":106},"end":{"line":56,"column":107}},"loc":{"start":{"line":56,"column":111},"end":{"line":56,"column":119}},"line":56},"14":{"name":"(anonymous_14)","decl":{"start":{"line":56,"column":125},"end":{"line":56,"column":126}},"loc":{"start":{"line":56,"column":130},"end":{"line":56,"column":179}},"line":56}},"branchMap":{"0":{"loc":{"start":{"line":10,"column":17},"end":{"line":10,"column":25}},"type":"default-arg","locations":[{"start":{"line":10,"column":23},"end":{"line":10,"column":25}}],"line":10},"1":{"loc":{"start":{"line":10,"column":27},"end":{"line":10,"column":39}},"type":"default-arg","locations":[{"start":{"line":10,"column":38},"end":{"line":10,"column":39}}],"line":10},"2":{"loc":{"start":{"line":11,"column":8},"end":{"line":11,"column":87}},"type":"cond-expr","locations":[{"start":{"line":11,"column":34},"end":{"line":11,"column":76}},{"start":{"line":11,"column":79},"end":{"line":11,"column":87}}],"line":11},"3":{"loc":{"start":{"line":15,"column":8},"end":{"line":15,"column":87}},"type":"cond-expr","locations":[{"start":{"line":15,"column":34},"end":{"line":15,"column":81}},{"start":{"line":15,"column":84},"end":{"line":15,"column":87}}],"line":15},"4":{"loc":{"start":{"line":19,"column":8},"end":{"line":19,"column":191}},"type":"cond-expr","locations":[{"start":{"line":19,"column":29},"end":{"line":19,"column":70}},{"start":{"line":19,"column":73},"end":{"line":19,"column":191}}],"line":19},"5":{"loc":{"start":{"line":19,"column":73},"end":{"line":19,"column":191}},"type":"cond-expr","locations":[{"start":{"line":19,"column":97},"end":{"line":19,"column":174}},{"start":{"line":19,"column":177},"end":{"line":19,"column":191}}],"line":19},"6":{"loc":{"start":{"line":31,"column":11},"end":{"line":31,"column":64}},"type":"binary-expr","locations":[{"start":{"line":31,"column":11},"end":{"line":31,"column":50}},{"start":{"line":31,"column":54},"end":{"line":31,"column":64}}],"line":31},"7":{"loc":{"start":{"line":35,"column":13},"end":{"line":35,"column":41}},"type":"binary-expr","locations":[{"start":{"line":35,"column":13},"end":{"line":35,"column":21}},{"start":{"line":35,"column":25},"end":{"line":35,"column":34}},{"start":{"line":35,"column":38},"end":{"line":35,"column":41}}],"line":35},"8":{"loc":{"start":{"line":39,"column":61},"end":{"line":39,"column":115}},"type":"binary-expr","locations":[{"start":{"line":39,"column":61},"end":{"line":39,"column":101}},{"start":{"line":39,"column":105},"end":{"line":39,"column":115}}],"line":39},"9":{"loc":{"start":{"line":41,"column":19},"end":{"line":41,"column":97}},"type":"cond-expr","locations":[{"start":{"line":41,"column":40},"end":{"line":41,"column":43}},{"start":{"line":41,"column":46},"end":{"line":41,"column":97}}],"line":41},"10":{"loc":{"start":{"line":41,"column":46},"end":{"line":41,"column":97}},"type":"cond-expr","locations":[{"start":{"line":41,"column":80},"end":{"line":41,"column":91}},{"start":{"line":41,"column":94},"end":{"line":41,"column":97}}],"line":41},"11":{"loc":{"start":{"line":44,"column":43},"end":{"line":44,"column":51}},"type":"default-arg","locations":[{"start":{"line":44,"column":49},"end":{"line":44,"column":51}}],"line":44},"12":{"loc":{"start":{"line":45,"column":18},"end":{"line":45,"column":115}},"type":"cond-expr","locations":[{"start":{"line":45,"column":55},"end":{"line":45,"column":93}},{"start":{"line":45,"column":96},"end":{"line":45,"column":115}}],"line":45},"13":{"loc":{"start":{"line":48,"column":8},"end":{"line":58,"column":127}},"type":"cond-expr","locations":[{"start":{"line":48,"column":25},"end":{"line":58,"column":122}},{"start":{"line":58,"column":125},"end":{"line":58,"column":127}}],"line":48},"14":{"loc":{"start":{"line":56,"column":43},"end":{"line":56,"column":62}},"type":"binary-expr","locations":[{"start":{"line":56,"column":43},"end":{"line":56,"column":56}},{"start":{"line":56,"column":60},"end":{"line":56,"column":62}}],"line":56},"15":{"loc":{"start":{"line":57,"column":23},"end":{"line":57,"column":52}},"type":"binary-expr","locations":[{"start":{"line":57,"column":23},"end":{"line":57,"column":46}},{"start":{"line":57,"column":50},"end":{"line":57,"column":52}}],"line":57},"16":{"loc":{"start":{"line":58,"column":30},"end":{"line":58,"column":121}},"type":"cond-expr","locations":[{"start":{"line":58,"column":74},"end":{"line":58,"column":101}},{"start":{"line":58,"column":104},"end":{"line":58,"column":121}}],"line":58}},"s":{"0":1,"1":1,"2":1,"3":1,"4":1,"5":1,"6":72,"7":21,"8":18,"9":14,"10":1,"11":69,"12":1,"13":3,"14":1,"15":3,"16":1,"17":1,"18":6,"19":6,"20":6,"21":1,"22":3,"23":3,"24":3,"25":3,"26":3,"27":1,"28":3,"29":3,"30":3,"31":18,"32":24,"33":21,"34":3,"35":0,"36":1},"f":{"0":72,"1":21,"2":18,"3":14,"4":69,"5":3,"6":3,"7":6,"8":3,"9":3,"10":18,"11":24,"12":21,"13":3,"14":0},"b":{"0":[12],"1":[0],"2":[0,72],"3":[21,0],"4":[2,16],"5":[0,16],"6":[6,3],"7":[3,1,0],"8":[3,3],"9":[2,1],"10":[1,0],"11":[0],"12":[0,3],"13":[3,0],"14":[3,1],"15":[3,3],"16":[0,3]},"_coverageSchema":"1a1c01bbd47fc00a2c39e90264f33305004495a9","hash":"eb8c9ecc735d681ca923b232f0fe051407b8fff1","contentHash":"96d96da8873c085af54d08fbf08b2d7499ddd994692df13f7928fde68cebb17f"},"C:\\Users\\jason\\Projects\\tenso\\lib\\utility.js":{"path":"C:\\Users\\jason\\Projects\\tenso\\lib\\utility.js","statementMap":{"0":{"start":{"line":3,"column":13},"end":{"line":3,"column":28}},"1":{"start":{"line":4,"column":18},"end":{"line":4,"column":33}},"2":{"start":{"line":5,"column":9},"end":{"line":5,"column":23}},"3":{"start":{"line":6,"column":9},"end":{"line":6,"column":25}},"4":{"start":{"line":7,"column":11},"end":{"line":7,"column":29}},"5":{"start":{"line":8,"column":9},"end":{"line":8,"column":25}},"6":{"start":{"line":9,"column":11},"end":{"line":9,"column":37}},"7":{"start":{"line":10,"column":10},"end":{"line":10,"column":34}},"8":{"start":{"line":11,"column":9},"end":{"line":11,"column":25}},"9":{"start":{"line":12,"column":8},"end":{"line":12,"column":29}},"10":{"start":{"line":13,"column":12},"end":{"line":13,"column":31}},"11":{"start":{"line":14,"column":14},"end":{"line":14,"column":60}},"12":{"start":{"line":15,"column":9},"end":{"line":15,"column":50}},"13":{"start":{"line":16,"column":15},"end":{"line":16,"column":62}},"14":{"start":{"line":17,"column":12},"end":{"line":17,"column":31}},"15":{"start":{"line":18,"column":7},"end":{"line":18,"column":30}},"16":{"start":{"line":19,"column":17},"end":{"line":19,"column":55}},"17":{"start":{"line":20,"column":18},"end":{"line":20,"column":58}},"18":{"start":{"line":21,"column":15},"end":{"line":21,"column":27}},"19":{"start":{"line":22,"column":14},"end":{"line":22,"column":28}},"20":{"start":{"line":23,"column":17},"end":{"line":23,"column":51}},"21":{"start":{"line":24,"column":18},"end":{"line":24,"column":53}},"22":{"start":{"line":25,"column":16},"end":{"line":25,"column":49}},"23":{"start":{"line":26,"column":14},"end":{"line":26,"column":47}},"24":{"start":{"line":27,"column":10},"end":{"line":27,"column":34}},"25":{"start":{"line":30,"column":1},"end":{"line":30,"column":61}},"26":{"start":{"line":34,"column":1},"end":{"line":34,"column":113}},"27":{"start":{"line":38,"column":1},"end":{"line":38,"column":40}},"28":{"start":{"line":42,"column":1},"end":{"line":42,"column":25}},"29":{"start":{"line":46,"column":1},"end":{"line":46,"column":42}},"30":{"start":{"line":49,"column":27},"end":{"line":49,"column":33}},"31":{"start":{"line":50,"column":1},"end":{"line":54,"column":2}},"32":{"start":{"line":51,"column":2},"end":{"line":51,"column":7}},"33":{"start":{"line":53,"column":2},"end":{"line":53,"column":28}},"34":{"start":{"line":58,"column":13},"end":{"line":58,"column":46}},"35":{"start":{"line":59,"column":10},"end":{"line":59,"column":119}},"36":{"start":{"line":60,"column":10},"end":{"line":60,"column":64}},"37":{"start":{"line":61,"column":14},"end":{"line":61,"column":116}},"38":{"start":{"line":62,"column":14},"end":{"line":62,"column":31}},"39":{"start":{"line":63,"column":12},"end":{"line":63,"column":14}},"40":{"start":{"line":64,"column":13},"end":{"line":64,"column":15}},"41":{"start":{"line":71,"column":2},"end":{"line":83,"column":3}},"42":{"start":{"line":72,"column":3},"end":{"line":72,"column":10}},"43":{"start":{"line":74,"column":3},"end":{"line":82,"column":6}},"44":{"start":{"line":75,"column":4},"end":{"line":79,"column":5}},"45":{"start":{"line":76,"column":5},"end":{"line":78,"column":6}},"46":{"start":{"line":77,"column":6},"end":{"line":77,"column":66}},"47":{"start":{"line":81,"column":4},"end":{"line":81,"column":14}},"48":{"start":{"line":87,"column":2},"end":{"line":87,"column":48}},"49":{"start":{"line":90,"column":1},"end":{"line":90,"column":41}},"50":{"start":{"line":92,"column":1},"end":{"line":94,"column":2}},"51":{"start":{"line":93,"column":2},"end":{"line":93,"column":161}},"52":{"start":{"line":93,"column":51},"end":{"line":93,"column":159}},"53":{"start":{"line":96,"column":1},"end":{"line":102,"column":2}},"54":{"start":{"line":97,"column":2},"end":{"line":101,"column":3}},"55":{"start":{"line":98,"column":3},"end":{"line":98,"column":38}},"56":{"start":{"line":99,"column":3},"end":{"line":99,"column":31}},"57":{"start":{"line":100,"column":3},"end":{"line":100,"column":61}},"58":{"start":{"line":104,"column":1},"end":{"line":107,"column":2}},"59":{"start":{"line":105,"column":2},"end":{"line":105,"column":42}},"60":{"start":{"line":106,"column":2},"end":{"line":106,"column":39}},"61":{"start":{"line":109,"column":1},"end":{"line":134,"column":2}},"62":{"start":{"line":110,"column":24},"end":{"line":110,"column":45}},"63":{"start":{"line":112,"column":2},"end":{"line":112,"column":29}},"64":{"start":{"line":113,"column":2},"end":{"line":113,"column":29}},"65":{"start":{"line":115,"column":2},"end":{"line":115,"column":56}},"66":{"start":{"line":117,"column":2},"end":{"line":121,"column":3}},"67":{"start":{"line":118,"column":18},"end":{"line":118,"column":65}},"68":{"start":{"line":120,"column":3},"end":{"line":120,"column":41}},"69":{"start":{"line":123,"column":2},"end":{"line":123,"column":22}},"70":{"start":{"line":124,"column":2},"end":{"line":124,"column":28}},"71":{"start":{"line":126,"column":2},"end":{"line":126,"column":42}},"72":{"start":{"line":127,"column":2},"end":{"line":127,"column":40}},"73":{"start":{"line":128,"column":2},"end":{"line":128,"column":58}},"74":{"start":{"line":130,"column":2},"end":{"line":133,"column":3}},"75":{"start":{"line":131,"column":3},"end":{"line":131,"column":86}},"76":{"start":{"line":132,"column":3},"end":{"line":132,"column":47}},"77":{"start":{"line":136,"column":1},"end":{"line":139,"column":2}},"78":{"start":{"line":137,"column":2},"end":{"line":137,"column":44}},"79":{"start":{"line":138,"column":2},"end":{"line":138,"column":40}},"80":{"start":{"line":141,"column":1},"end":{"line":144,"column":2}},"81":{"start":{"line":142,"column":2},"end":{"line":142,"column":53}},"82":{"start":{"line":143,"column":2},"end":{"line":143,"column":46}},"83":{"start":{"line":146,"column":1},"end":{"line":149,"column":2}},"84":{"start":{"line":147,"column":2},"end":{"line":147,"column":44}},"85":{"start":{"line":148,"column":2},"end":{"line":148,"column":40}},"86":{"start":{"line":151,"column":1},"end":{"line":154,"column":2}},"87":{"start":{"line":152,"column":2},"end":{"line":152,"column":47}},"88":{"start":{"line":153,"column":2},"end":{"line":153,"column":42}},"89":{"start":{"line":156,"column":1},"end":{"line":159,"column":2}},"90":{"start":{"line":157,"column":2},"end":{"line":157,"column":74}},"91":{"start":{"line":158,"column":2},"end":{"line":158,"column":60}},"92":{"start":{"line":161,"column":1},"end":{"line":164,"column":2}},"93":{"start":{"line":162,"column":2},"end":{"line":162,"column":33}},"94":{"start":{"line":163,"column":2},"end":{"line":163,"column":48}},"95":{"start":{"line":167,"column":1},"end":{"line":167,"column":53}},"96":{"start":{"line":169,"column":1},"end":{"line":169,"column":38}},"97":{"start":{"line":170,"column":1},"end":{"line":170,"column":47}},"98":{"start":{"line":172,"column":1},"end":{"line":175,"column":2}},"99":{"start":{"line":173,"column":2},"end":{"line":173,"column":39}},"100":{"start":{"line":174,"column":2},"end":{"line":174,"column":54}},"101":{"start":{"line":177,"column":1},"end":{"line":177,"column":58}},"102":{"start":{"line":177,"column":40},"end":{"line":177,"column":56}},"103":{"start":{"line":178,"column":1},"end":{"line":178,"column":58}},"104":{"start":{"line":178,"column":41},"end":{"line":178,"column":56}},"105":{"start":{"line":180,"column":1},"end":{"line":362,"column":2}},"106":{"start":{"line":181,"column":10},"end":{"line":181,"column":12}},"107":{"start":{"line":183,"column":19},"end":{"line":189,"column":3}},"108":{"start":{"line":184,"column":3},"end":{"line":188,"column":4}},"109":{"start":{"line":185,"column":4},"end":{"line":185,"column":21}},"110":{"start":{"line":187,"column":4},"end":{"line":187,"column":43}},"111":{"start":{"line":191,"column":2},"end":{"line":197,"column":3}},"112":{"start":{"line":192,"column":14},"end":{"line":192,"column":26}},"113":{"start":{"line":194,"column":3},"end":{"line":196,"column":4}},"114":{"start":{"line":195,"column":4},"end":{"line":195,"column":37}},"115":{"start":{"line":199,"column":2},"end":{"line":213,"column":6}},"116":{"start":{"line":200,"column":3},"end":{"line":212,"column":17}},"117":{"start":{"line":201,"column":4},"end":{"line":211,"column":7}},"118":{"start":{"line":202,"column":5},"end":{"line":204,"column":6}},"119":{"start":{"line":203,"column":6},"end":{"line":203,"column":23}},"120":{"start":{"line":206,"column":5},"end":{"line":208,"column":6}},"121":{"start":{"line":207,"column":6},"end":{"line":207,"column":31}},"122":{"start":{"line":210,"column":5},"end":{"line":210,"column":29}},"123":{"start":{"line":215,"column":23},"end":{"line":215,"column":85}},"124":{"start":{"line":217,"column":2},"end":{"line":222,"column":3}},"125":{"start":{"line":218,"column":3},"end":{"line":218,"column":61}},"126":{"start":{"line":219,"column":3},"end":{"line":219,"column":36}},"127":{"start":{"line":221,"column":3},"end":{"line":221,"column":49}},"128":{"start":{"line":223,"column":8},"end":{"line":362,"column":2}},"129":{"start":{"line":224,"column":19},"end":{"line":230,"column":3}},"130":{"start":{"line":225,"column":3},"end":{"line":229,"column":4}},"131":{"start":{"line":226,"column":4},"end":{"line":226,"column":18}},"132":{"start":{"line":228,"column":4},"end":{"line":228,"column":43}},"133":{"start":{"line":232,"column":2},"end":{"line":244,"column":6}},"134":{"start":{"line":233,"column":3},"end":{"line":243,"column":17}},"135":{"start":{"line":234,"column":4},"end":{"line":242,"column":7}},"136":{"start":{"line":235,"column":5},"end":{"line":241,"column":6}},"137":{"start":{"line":236,"column":6},"end":{"line":236,"column":16}},"138":{"start":{"line":237,"column":12},"end":{"line":241,"column":6}},"139":{"start":{"line":238,"column":6},"end":{"line":238,"column":24}},"140":{"start":{"line":240,"column":6},"end":{"line":240,"column":40}},"141":{"start":{"line":246,"column":23},"end":{"line":246,"column":86}},"142":{"start":{"line":248,"column":2},"end":{"line":253,"column":3}},"143":{"start":{"line":249,"column":3},"end":{"line":249,"column":62}},"144":{"start":{"line":250,"column":3},"end":{"line":250,"column":37}},"145":{"start":{"line":252,"column":3},"end":{"line":252,"column":49}},"146":{"start":{"line":254,"column":8},"end":{"line":362,"column":2}},"147":{"start":{"line":255,"column":15},"end":{"line":259,"column":3}},"148":{"start":{"line":261,"column":2},"end":{"line":265,"column":3}},"149":{"start":{"line":262,"column":3},"end":{"line":264,"column":4}},"150":{"start":{"line":263,"column":4},"end":{"line":263,"column":33}},"151":{"start":{"line":267,"column":2},"end":{"line":277,"column":6}},"152":{"start":{"line":268,"column":3},"end":{"line":276,"column":17}},"153":{"start":{"line":269,"column":4},"end":{"line":275,"column":7}},"154":{"start":{"line":270,"column":5},"end":{"line":274,"column":6}},"155":{"start":{"line":271,"column":6},"end":{"line":271,"column":16}},"156":{"start":{"line":273,"column":6},"end":{"line":273,"column":23}},"157":{"start":{"line":279,"column":23},"end":{"line":279,"column":69}},"158":{"start":{"line":280,"column":2},"end":{"line":280,"column":48}},"159":{"start":{"line":281,"column":8},"end":{"line":362,"column":2}},"160":{"start":{"line":282,"column":2},"end":{"line":292,"column":6}},"161":{"start":{"line":283,"column":3},"end":{"line":291,"column":17}},"162":{"start":{"line":284,"column":4},"end":{"line":290,"column":7}},"163":{"start":{"line":285,"column":5},"end":{"line":289,"column":6}},"164":{"start":{"line":286,"column":6},"end":{"line":286,"column":16}},"165":{"start":{"line":288,"column":6},"end":{"line":288,"column":23}},"166":{"start":{"line":294,"column":2},"end":{"line":294,"column":48}},"167":{"start":{"line":295,"column":2},"end":{"line":313,"column":4}},"168":{"start":{"line":297,"column":4},"end":{"line":305,"column":7}},"169":{"start":{"line":298,"column":5},"end":{"line":304,"column":6}},"170":{"start":{"line":299,"column":6},"end":{"line":299,"column":40}},"171":{"start":{"line":300,"column":12},"end":{"line":304,"column":6}},"172":{"start":{"line":301,"column":6},"end":{"line":301,"column":26}},"173":{"start":{"line":303,"column":6},"end":{"line":303,"column":25}},"174":{"start":{"line":309,"column":4},"end":{"line":309,"column":37}},"175":{"start":{"line":312,"column":3},"end":{"line":312,"column":31}},"176":{"start":{"line":314,"column":8},"end":{"line":362,"column":2}},"177":{"start":{"line":315,"column":2},"end":{"line":331,"column":6}},"178":{"start":{"line":322,"column":3},"end":{"line":330,"column":17}},"179":{"start":{"line":323,"column":4},"end":{"line":329,"column":7}},"180":{"start":{"line":324,"column":5},"end":{"line":328,"column":6}},"181":{"start":{"line":325,"column":6},"end":{"line":325,"column":16}},"182":{"start":{"line":327,"column":6},"end":{"line":327,"column":23}},"183":{"start":{"line":333,"column":2},"end":{"line":333,"column":48}},"184":{"start":{"line":334,"column":2},"end":{"line":334,"column":59}},"185":{"start":{"line":335,"column":2},"end":{"line":335,"column":57}},"186":{"start":{"line":336,"column":2},"end":{"line":336,"column":110}},"187":{"start":{"line":337,"column":2},"end":{"line":337,"column":45}},"188":{"start":{"line":338,"column":8},"end":{"line":362,"column":2}},"189":{"start":{"line":339,"column":12},"end":{"line":339,"column":28}},"190":{"start":{"line":341,"column":2},"end":{"line":341,"column":50}},"191":{"start":{"line":342,"column":2},"end":{"line":342,"column":21}},"192":{"start":{"line":343,"column":2},"end":{"line":343,"column":18}},"193":{"start":{"line":345,"column":2},"end":{"line":355,"column":6}},"194":{"start":{"line":346,"column":3},"end":{"line":354,"column":17}},"195":{"start":{"line":347,"column":4},"end":{"line":353,"column":7}},"196":{"start":{"line":348,"column":5},"end":{"line":352,"column":6}},"197":{"start":{"line":349,"column":6},"end":{"line":349,"column":16}},"198":{"start":{"line":351,"column":6},"end":{"line":351,"column":23}},"199":{"start":{"line":357,"column":2},"end":{"line":357,"column":46}},"200":{"start":{"line":358,"column":2},"end":{"line":358,"column":55}},"201":{"start":{"line":359,"column":2},"end":{"line":359,"column":55}},"202":{"start":{"line":360,"column":2},"end":{"line":360,"column":106}},"203":{"start":{"line":361,"column":2},"end":{"line":361,"column":43}},"204":{"start":{"line":364,"column":1},"end":{"line":385,"column":2}},"205":{"start":{"line":365,"column":2},"end":{"line":367,"column":3}},"206":{"start":{"line":366,"column":3},"end":{"line":366,"column":53}},"207":{"start":{"line":369,"column":10},"end":{"line":369,"column":40}},"208":{"start":{"line":371,"column":2},"end":{"line":373,"column":3}},"209":{"start":{"line":372,"column":3},"end":{"line":372,"column":36}},"210":{"start":{"line":375,"column":2},"end":{"line":375,"column":37}},"211":{"start":{"line":376,"column":2},"end":{"line":376,"column":59}},"212":{"start":{"line":378,"column":2},"end":{"line":380,"column":4}},"213":{"start":{"line":381,"column":8},"end":{"line":385,"column":2}},"214":{"start":{"line":382,"column":2},"end":{"line":384,"column":4}},"215":{"start":{"line":387,"column":1},"end":{"line":393,"column":3}},"216":{"start":{"line":388,"column":2},"end":{"line":390,"column":3}},"217":{"start":{"line":389,"column":3},"end":{"line":389,"column":25}},"218":{"start":{"line":392,"column":2},"end":{"line":392,"column":21}},"219":{"start":{"line":395,"column":1},"end":{"line":395,"column":15}},"220":{"start":{"line":399,"column":23},"end":{"line":403,"column":69}},"221":{"start":{"line":400,"column":12},"end":{"line":400,"column":30}},"222":{"start":{"line":402,"column":2},"end":{"line":402,"column":51}},"223":{"start":{"line":405,"column":1},"end":{"line":405,"column":34}},"224":{"start":{"line":408,"column":1},"end":{"line":418,"column":4}},"225":{"start":{"line":421,"column":1},"end":{"line":421,"column":58}},"226":{"start":{"line":422,"column":1},"end":{"line":428,"column":3}},"227":{"start":{"line":423,"column":2},"end":{"line":425,"column":3}},"228":{"start":{"line":424,"column":3},"end":{"line":424,"column":101}},"229":{"start":{"line":427,"column":2},"end":{"line":427,"column":33}},"230":{"start":{"line":431,"column":1},"end":{"line":431,"column":59}},"231":{"start":{"line":432,"column":1},"end":{"line":432,"column":55}},"232":{"start":{"line":435,"column":16},"end":{"line":435,"column":46}},"233":{"start":{"line":437,"column":1},"end":{"line":441,"column":2}},"234":{"start":{"line":438,"column":2},"end":{"line":440,"column":3}},"235":{"start":{"line":439,"column":3},"end":{"line":439,"column":46}},"236":{"start":{"line":443,"column":1},"end":{"line":443,"column":33}},"237":{"start":{"line":445,"column":1},"end":{"line":447,"column":2}},"238":{"start":{"line":446,"column":2},"end":{"line":446,"column":24}},"239":{"start":{"line":450,"column":1},"end":{"line":456,"column":2}},"240":{"start":{"line":451,"column":16},"end":{"line":451,"column":106}},"241":{"start":{"line":452,"column":13},"end":{"line":452,"column":65}},"242":{"start":{"line":453,"column":12},"end":{"line":453,"column":62}},"243":{"start":{"line":455,"column":2},"end":{"line":455,"column":130}},"244":{"start":{"line":455,"column":58},"end":{"line":455,"column":129}},"245":{"start":{"line":459,"column":1},"end":{"line":469,"column":2}},"246":{"start":{"line":460,"column":18},"end":{"line":460,"column":43}},"247":{"start":{"line":462,"column":2},"end":{"line":468,"column":3}},"248":{"start":{"line":463,"column":3},"end":{"line":467,"column":4}},"249":{"start":{"line":464,"column":4},"end":{"line":464,"column":31}},"250":{"start":{"line":466,"column":4},"end":{"line":466,"column":55}},"251":{"start":{"line":466,"column":33},"end":{"line":466,"column":53}},"252":{"start":{"line":471,"column":1},"end":{"line":471,"column":12}},"253":{"start":{"line":475,"column":1},"end":{"line":475,"column":71}},"254":{"start":{"line":479,"column":1},"end":{"line":479,"column":46}},"255":{"start":{"line":483,"column":16},"end":{"line":483,"column":26}},"256":{"start":{"line":484,"column":12},"end":{"line":484,"column":28}},"257":{"start":{"line":485,"column":15},"end":{"line":485,"column":34}},"258":{"start":{"line":486,"column":10},"end":{"line":486,"column":12}},"259":{"start":{"line":487,"column":9},"end":{"line":487,"column":18}},"260":{"start":{"line":488,"column":11},"end":{"line":488,"column":23}},"261":{"start":{"line":493,"column":13},"end":{"line":493,"column":29}},"262":{"start":{"line":494,"column":10},"end":{"line":494,"column":26}},"263":{"start":{"line":497,"column":2},"end":{"line":533,"column":3}},"264":{"start":{"line":498,"column":3},"end":{"line":498,"column":17}},"265":{"start":{"line":500,"column":3},"end":{"line":530,"column":4}},"266":{"start":{"line":501,"column":4},"end":{"line":529,"column":5}},"267":{"start":{"line":502,"column":17},"end":{"line":502,"column":22}},"268":{"start":{"line":506,"column":5},"end":{"line":528,"column":6}},"269":{"start":{"line":507,"column":19},"end":{"line":507,"column":36}},"270":{"start":{"line":509,"column":6},"end":{"line":515,"column":7}},"271":{"start":{"line":510,"column":7},"end":{"line":510,"column":117}},"272":{"start":{"line":511,"column":7},"end":{"line":511,"column":24}},"273":{"start":{"line":513,"column":7},"end":{"line":513,"column":37}},"274":{"start":{"line":514,"column":7},"end":{"line":514,"column":21}},"275":{"start":{"line":517,"column":6},"end":{"line":527,"column":7}},"276":{"start":{"line":518,"column":7},"end":{"line":518,"column":118}},"277":{"start":{"line":520,"column":7},"end":{"line":526,"column":8}},"278":{"start":{"line":521,"column":8},"end":{"line":521,"column":22}},"279":{"start":{"line":523,"column":8},"end":{"line":525,"column":9}},"280":{"start":{"line":524,"column":9},"end":{"line":524,"column":43}},"281":{"start":{"line":532,"column":3},"end":{"line":532,"column":16}},"282":{"start":{"line":535,"column":2},"end":{"line":535,"column":16}},"283":{"start":{"line":538,"column":1},"end":{"line":538,"column":33}},"284":{"start":{"line":539,"column":1},"end":{"line":539,"column":39}},"285":{"start":{"line":540,"column":1},"end":{"line":540,"column":75}},"286":{"start":{"line":542,"column":1},"end":{"line":544,"column":2}},"287":{"start":{"line":543,"column":2},"end":{"line":543,"column":11}},"288":{"start":{"line":546,"column":1},"end":{"line":548,"column":2}},"289":{"start":{"line":547,"column":2},"end":{"line":547,"column":42}},"290":{"start":{"line":550,"column":1},"end":{"line":550,"column":78}},"291":{"start":{"line":551,"column":1},"end":{"line":551,"column":34}},"292":{"start":{"line":552,"column":1},"end":{"line":552,"column":39}},"293":{"start":{"line":554,"column":1},"end":{"line":561,"column":2}},"294":{"start":{"line":555,"column":16},"end":{"line":555,"column":101}},"295":{"start":{"line":557,"column":2},"end":{"line":560,"column":3}},"296":{"start":{"line":558,"column":3},"end":{"line":558,"column":47}},"297":{"start":{"line":559,"column":3},"end":{"line":559,"column":19}},"298":{"start":{"line":563,"column":1},"end":{"line":625,"column":2}},"299":{"start":{"line":564,"column":2},"end":{"line":624,"column":3}},"300":{"start":{"line":565,"column":3},"end":{"line":597,"column":4}},"301":{"start":{"line":566,"column":4},"end":{"line":568,"column":5}},"302":{"start":{"line":567,"column":5},"end":{"line":567,"column":14}},"303":{"start":{"line":570,"column":4},"end":{"line":570,"column":49}},"304":{"start":{"line":572,"column":4},"end":{"line":596,"column":5}},"305":{"start":{"line":573,"column":5},"end":{"line":573,"column":73}},"306":{"start":{"line":574,"column":5},"end":{"line":574,"column":38}},"307":{"start":{"line":575,"column":5},"end":{"line":575,"column":51}},"308":{"start":{"line":577,"column":5},"end":{"line":580,"column":6}},"309":{"start":{"line":578,"column":6},"end":{"line":578,"column":39}},"310":{"start":{"line":579,"column":6},"end":{"line":579,"column":72}},"311":{"start":{"line":582,"column":5},"end":{"line":585,"column":6}},"312":{"start":{"line":583,"column":6},"end":{"line":583,"column":46}},"313":{"start":{"line":584,"column":6},"end":{"line":584,"column":71}},"314":{"start":{"line":587,"column":5},"end":{"line":590,"column":6}},"315":{"start":{"line":588,"column":6},"end":{"line":588,"column":46}},"316":{"start":{"line":589,"column":6},"end":{"line":589,"column":71}},"317":{"start":{"line":592,"column":5},"end":{"line":595,"column":6}},"318":{"start":{"line":593,"column":6},"end":{"line":593,"column":41}},"319":{"start":{"line":594,"column":6},"end":{"line":594,"column":71}},"320":{"start":{"line":599,"column":3},"end":{"line":615,"column":4}},"321":{"start":{"line":600,"column":4},"end":{"line":614,"column":5}},"322":{"start":{"line":601,"column":5},"end":{"line":613,"column":6}},"323":{"start":{"line":602,"column":6},"end":{"line":602,"column":79}},"324":{"start":{"line":604,"column":17},"end":{"line":604,"column":29}},"325":{"start":{"line":606,"column":6},"end":{"line":612,"column":7}},"326":{"start":{"line":607,"column":19},"end":{"line":607,"column":135}},"327":{"start":{"line":609,"column":7},"end":{"line":611,"column":8}},"328":{"start":{"line":610,"column":8},"end":{"line":610,"column":44}},"329":{"start":{"line":616,"column":9},"end":{"line":624,"column":3}},"330":{"start":{"line":617,"column":3},"end":{"line":617,"column":65}},"331":{"start":{"line":617,"column":55},"end":{"line":617,"column":63}},"332":{"start":{"line":619,"column":3},"end":{"line":621,"column":4}},"333":{"start":{"line":620,"column":4},"end":{"line":620,"column":17}},"334":{"start":{"line":623,"column":3},"end":{"line":623,"column":60}},"335":{"start":{"line":627,"column":1},"end":{"line":642,"column":2}},"336":{"start":{"line":628,"column":2},"end":{"line":635,"column":3}},"337":{"start":{"line":629,"column":3},"end":{"line":634,"column":4}},"338":{"start":{"line":630,"column":4},"end":{"line":633,"column":7}},"339":{"start":{"line":637,"column":2},"end":{"line":637,"column":99}},"340":{"start":{"line":637,"column":57},"end":{"line":637,"column":85}},"341":{"start":{"line":639,"column":2},"end":{"line":641,"column":3}},"342":{"start":{"line":640,"column":3},"end":{"line":640,"column":21}},"343":{"start":{"line":644,"column":1},"end":{"line":644,"column":12}},"344":{"start":{"line":648,"column":14},"end":{"line":648,"column":24}},"345":{"start":{"line":650,"column":1},"end":{"line":664,"column":2}},"346":{"start":{"line":651,"column":15},"end":{"line":651,"column":28}},"347":{"start":{"line":653,"column":2},"end":{"line":659,"column":3}},"348":{"start":{"line":654,"column":16},"end":{"line":654,"column":95}},"349":{"start":{"line":654,"column":71},"end":{"line":654,"column":83}},"350":{"start":{"line":656,"column":3},"end":{"line":658,"column":4}},"351":{"start":{"line":657,"column":4},"end":{"line":657,"column":35}},"352":{"start":{"line":661,"column":2},"end":{"line":663,"column":3}},"353":{"start":{"line":662,"column":3},"end":{"line":662,"column":29}},"354":{"start":{"line":666,"column":1},"end":{"line":666,"column":15}},"355":{"start":{"line":670,"column":16},"end":{"line":670,"column":30}},"356":{"start":{"line":671,"column":14},"end":{"line":671,"column":40}},"357":{"start":{"line":672,"column":12},"end":{"line":672,"column":128}},"358":{"start":{"line":673,"column":9},"end":{"line":673,"column":29}},"359":{"start":{"line":676,"column":1},"end":{"line":683,"column":2}},"360":{"start":{"line":677,"column":17},"end":{"line":677,"column":46}},"361":{"start":{"line":679,"column":2},"end":{"line":682,"column":3}},"362":{"start":{"line":680,"column":3},"end":{"line":680,"column":21}},"363":{"start":{"line":681,"column":3},"end":{"line":681,"column":9}},"364":{"start":{"line":685,"column":1},"end":{"line":685,"column":38}},"365":{"start":{"line":686,"column":1},"end":{"line":686,"column":34}},"366":{"start":{"line":687,"column":1},"end":{"line":687,"column":56}},"367":{"start":{"line":689,"column":1},"end":{"line":693,"column":2}},"368":{"start":{"line":690,"column":2},"end":{"line":690,"column":99}},"369":{"start":{"line":692,"column":2},"end":{"line":692,"column":52}},"370":{"start":{"line":695,"column":1},"end":{"line":695,"column":15}},"371":{"start":{"line":698,"column":0},"end":{"line":707,"column":2}}},"fnMap":{"0":{"name":"explode","decl":{"start":{"line":29,"column":9},"end":{"line":29,"column":16}},"loc":{"start":{"line":29,"column":45},"end":{"line":31,"column":1}},"line":29},"1":{"name":"capitalize","decl":{"start":{"line":33,"column":9},"end":{"line":33,"column":19}},"loc":{"start":{"line":33,"column":54},"end":{"line":35,"column":1}},"line":33},"2":{"name":"clone","decl":{"start":{"line":37,"column":9},"end":{"line":37,"column":14}},"loc":{"start":{"line":37,"column":21},"end":{"line":39,"column":1}},"line":37},"3":{"name":"isEmpty","decl":{"start":{"line":41,"column":9},"end":{"line":41,"column":16}},"loc":{"start":{"line":41,"column":23},"end":{"line":43,"column":1}},"line":41},"4":{"name":"random","decl":{"start":{"line":45,"column":9},"end":{"line":45,"column":15}},"loc":{"start":{"line":45,"column":26},"end":{"line":47,"column":1}},"line":45},"5":{"name":"delay","decl":{"start":{"line":49,"column":9},"end":{"line":49,"column":14}},"loc":{"start":{"line":49,"column":42},"end":{"line":55,"column":1}},"line":49},"6":{"name":"(anonymous_6)","decl":{"start":{"line":49,"column":21},"end":{"line":49,"column":22}},"loc":{"start":{"line":49,"column":27},"end":{"line":49,"column":33}},"line":49},"7":{"name":"auth","decl":{"start":{"line":57,"column":9},"end":{"line":57,"column":13}},"loc":{"start":{"line":57,"column":28},"end":{"line":396,"column":1}},"line":57},"8":{"name":"csrfWrapper","decl":{"start":{"line":70,"column":10},"end":{"line":70,"column":21}},"loc":{"start":{"line":70,"column":39},"end":{"line":84,"column":2}},"line":70},"9":{"name":"(anonymous_9)","decl":{"start":{"line":74,"column":23},"end":{"line":74,"column":24}},"loc":{"start":{"line":74,"column":30},"end":{"line":82,"column":4}},"line":74},"10":{"name":"redirect","decl":{"start":{"line":86,"column":10},"end":{"line":86,"column":18}},"loc":{"start":{"line":86,"column":30},"end":{"line":88,"column":2}},"line":86},"11":{"name":"(anonymous_11)","decl":{"start":{"line":93,"column":46},"end":{"line":93,"column":47}},"loc":{"start":{"line":93,"column":51},"end":{"line":93,"column":159}},"line":93},"12":{"name":"(anonymous_12)","decl":{"start":{"line":177,"column":24},"end":{"line":177,"column":25}},"loc":{"start":{"line":177,"column":40},"end":{"line":177,"column":56}},"line":177},"13":{"name":"(anonymous_13)","decl":{"start":{"line":178,"column":26},"end":{"line":178,"column":27}},"loc":{"start":{"line":178,"column":41},"end":{"line":178,"column":56}},"line":178},"14":{"name":"(anonymous_14)","decl":{"start":{"line":183,"column":19},"end":{"line":183,"column":20}},"loc":{"start":{"line":183,"column":32},"end":{"line":189,"column":3}},"line":183},"15":{"name":"(anonymous_15)","decl":{"start":{"line":199,"column":33},"end":{"line":199,"column":34}},"loc":{"start":{"line":199,"column":63},"end":{"line":213,"column":3}},"line":199},"16":{"name":"(anonymous_16)","decl":{"start":{"line":200,"column":9},"end":{"line":200,"column":10}},"loc":{"start":{"line":200,"column":15},"end":{"line":212,"column":4}},"line":200},"17":{"name":"(anonymous_17)","decl":{"start":{"line":201,"column":23},"end":{"line":201,"column":24}},"loc":{"start":{"line":201,"column":38},"end":{"line":211,"column":5}},"line":201},"18":{"name":"(anonymous_18)","decl":{"start":{"line":224,"column":19},"end":{"line":224,"column":20}},"loc":{"start":{"line":224,"column":32},"end":{"line":230,"column":3}},"line":224},"19":{"name":"(anonymous_19)","decl":{"start":{"line":232,"column":34},"end":{"line":232,"column":35}},"loc":{"start":{"line":232,"column":51},"end":{"line":244,"column":3}},"line":232},"20":{"name":"(anonymous_20)","decl":{"start":{"line":233,"column":9},"end":{"line":233,"column":10}},"loc":{"start":{"line":233,"column":15},"end":{"line":243,"column":4}},"line":233},"21":{"name":"(anonymous_21)","decl":{"start":{"line":234,"column":20},"end":{"line":234,"column":21}},"loc":{"start":{"line":234,"column":35},"end":{"line":242,"column":5}},"line":234},"22":{"name":"(anonymous_22)","decl":{"start":{"line":267,"column":37},"end":{"line":267,"column":38}},"loc":{"start":{"line":267,"column":54},"end":{"line":277,"column":3}},"line":267},"23":{"name":"(anonymous_23)","decl":{"start":{"line":268,"column":9},"end":{"line":268,"column":10}},"loc":{"start":{"line":268,"column":15},"end":{"line":276,"column":4}},"line":268},"24":{"name":"(anonymous_24)","decl":{"start":{"line":269,"column":32},"end":{"line":269,"column":33}},"loc":{"start":{"line":269,"column":47},"end":{"line":275,"column":5}},"line":269},"25":{"name":"(anonymous_25)","decl":{"start":{"line":282,"column":33},"end":{"line":282,"column":34}},"loc":{"start":{"line":282,"column":63},"end":{"line":292,"column":3}},"line":282},"26":{"name":"(anonymous_26)","decl":{"start":{"line":283,"column":9},"end":{"line":283,"column":10}},"loc":{"start":{"line":283,"column":15},"end":{"line":291,"column":4}},"line":283},"27":{"name":"(anonymous_27)","decl":{"start":{"line":284,"column":47},"end":{"line":284,"column":48}},"loc":{"start":{"line":284,"column":62},"end":{"line":290,"column":5}},"line":284},"28":{"name":"(anonymous_28)","decl":{"start":{"line":295,"column":46},"end":{"line":295,"column":47}},"loc":{"start":{"line":295,"column":60},"end":{"line":313,"column":3}},"line":295},"29":{"name":"final","decl":{"start":{"line":296,"column":12},"end":{"line":296,"column":17}},"loc":{"start":{"line":296,"column":21},"end":{"line":306,"column":4}},"line":296},"30":{"name":"(anonymous_30)","decl":{"start":{"line":297,"column":45},"end":{"line":297,"column":46}},"loc":{"start":{"line":297,"column":50},"end":{"line":305,"column":5}},"line":297},"31":{"name":"mid","decl":{"start":{"line":308,"column":12},"end":{"line":308,"column":15}},"loc":{"start":{"line":308,"column":19},"end":{"line":310,"column":4}},"line":308},"32":{"name":"(anonymous_32)","decl":{"start":{"line":321,"column":5},"end":{"line":321,"column":6}},"loc":{"start":{"line":321,"column":51},"end":{"line":331,"column":3}},"line":321},"33":{"name":"(anonymous_33)","decl":{"start":{"line":322,"column":9},"end":{"line":322,"column":10}},"loc":{"start":{"line":322,"column":15},"end":{"line":330,"column":4}},"line":322},"34":{"name":"(anonymous_34)","decl":{"start":{"line":323,"column":64},"end":{"line":323,"column":65}},"loc":{"start":{"line":323,"column":79},"end":{"line":329,"column":5}},"line":323},"35":{"name":"(anonymous_35)","decl":{"start":{"line":345,"column":37},"end":{"line":345,"column":38}},"loc":{"start":{"line":345,"column":56},"end":{"line":355,"column":3}},"line":345},"36":{"name":"(anonymous_36)","decl":{"start":{"line":346,"column":9},"end":{"line":346,"column":10}},"loc":{"start":{"line":346,"column":15},"end":{"line":354,"column":4}},"line":346},"37":{"name":"(anonymous_37)","decl":{"start":{"line":347,"column":35},"end":{"line":347,"column":36}},"loc":{"start":{"line":347,"column":50},"end":{"line":353,"column":5}},"line":347},"38":{"name":"(anonymous_38)","decl":{"start":{"line":387,"column":45},"end":{"line":387,"column":46}},"loc":{"start":{"line":387,"column":59},"end":{"line":393,"column":2}},"line":387},"39":{"name":"bootstrap","decl":{"start":{"line":398,"column":9},"end":{"line":398,"column":18}},"loc":{"start":{"line":398,"column":25},"end":{"line":472,"column":1}},"line":398},"40":{"name":"(anonymous_40)","decl":{"start":{"line":399,"column":59},"end":{"line":399,"column":60}},"loc":{"start":{"line":399,"column":64},"end":{"line":403,"column":2}},"line":399},"41":{"name":"(anonymous_41)","decl":{"start":{"line":422,"column":21},"end":{"line":422,"column":22}},"loc":{"start":{"line":422,"column":58},"end":{"line":428,"column":2}},"line":422},"42":{"name":"(anonymous_42)","decl":{"start":{"line":455,"column":44},"end":{"line":455,"column":45}},"loc":{"start":{"line":455,"column":58},"end":{"line":455,"column":129}},"line":455},"43":{"name":"(anonymous_43)","decl":{"start":{"line":466,"column":19},"end":{"line":466,"column":20}},"loc":{"start":{"line":466,"column":33},"end":{"line":466,"column":53}},"line":466},"44":{"name":"id","decl":{"start":{"line":474,"column":9},"end":{"line":474,"column":11}},"loc":{"start":{"line":474,"column":23},"end":{"line":476,"column":1}},"line":474},"45":{"name":"scheme","decl":{"start":{"line":478,"column":9},"end":{"line":478,"column":15}},"loc":{"start":{"line":478,"column":27},"end":{"line":480,"column":1}},"line":478},"46":{"name":"hypermedia","decl":{"start":{"line":482,"column":9},"end":{"line":482,"column":19}},"loc":{"start":{"line":482,"column":36},"end":{"line":645,"column":1}},"line":482},"47":{"name":"marshal","decl":{"start":{"line":492,"column":10},"end":{"line":492,"column":17}},"loc":{"start":{"line":492,"column":46},"end":{"line":536,"column":2}},"line":492},"48":{"name":"(anonymous_48)","decl":{"start":{"line":617,"column":50},"end":{"line":617,"column":51}},"loc":{"start":{"line":617,"column":55},"end":{"line":617,"column":63}},"line":617},"49":{"name":"(anonymous_49)","decl":{"start":{"line":637,"column":52},"end":{"line":637,"column":53}},"loc":{"start":{"line":637,"column":57},"end":{"line":637,"column":85}},"line":637},"50":{"name":"sort","decl":{"start":{"line":647,"column":9},"end":{"line":647,"column":13}},"loc":{"start":{"line":647,"column":25},"end":{"line":667,"column":1}},"line":647},"51":{"name":"(anonymous_51)","decl":{"start":{"line":654,"column":66},"end":{"line":654,"column":67}},"loc":{"start":{"line":654,"column":71},"end":{"line":654,"column":83}},"line":654},"52":{"name":"serialize","decl":{"start":{"line":669,"column":9},"end":{"line":669,"column":18}},"loc":{"start":{"line":669,"column":35},"end":{"line":696,"column":1}},"line":669}},"branchMap":{"0":{"loc":{"start":{"line":29,"column":18},"end":{"line":29,"column":26}},"type":"default-arg","locations":[{"start":{"line":29,"column":24},"end":{"line":29,"column":26}}],"line":29},"1":{"loc":{"start":{"line":29,"column":28},"end":{"line":29,"column":43}},"type":"default-arg","locations":[{"start":{"line":29,"column":40},"end":{"line":29,"column":43}}],"line":29},"2":{"loc":{"start":{"line":33,"column":26},"end":{"line":33,"column":35}},"type":"default-arg","locations":[{"start":{"line":33,"column":30},"end":{"line":33,"column":35}}],"line":33},"3":{"loc":{"start":{"line":33,"column":37},"end":{"line":33,"column":52}},"type":"default-arg","locations":[{"start":{"line":33,"column":49},"end":{"line":33,"column":52}}],"line":33},"4":{"loc":{"start":{"line":34,"column":8},"end":{"line":34,"column":112}},"type":"cond-expr","locations":[{"start":{"line":34,"column":12},"end":{"line":34,"column":67}},{"start":{"line":34,"column":70},"end":{"line":34,"column":112}}],"line":34},"5":{"loc":{"start":{"line":45,"column":17},"end":{"line":45,"column":24}},"type":"default-arg","locations":[{"start":{"line":45,"column":21},"end":{"line":45,"column":24}}],"line":45},"6":{"loc":{"start":{"line":49,"column":16},"end":{"line":49,"column":33}},"type":"default-arg","locations":[{"start":{"line":49,"column":21},"end":{"line":49,"column":33}}],"line":49},"7":{"loc":{"start":{"line":49,"column":35},"end":{"line":49,"column":40}},"type":"default-arg","locations":[{"start":{"line":49,"column":39},"end":{"line":49,"column":40}}],"line":49},"8":{"loc":{"start":{"line":50,"column":1},"end":{"line":54,"column":2}},"type":"if","locations":[{"start":{"line":50,"column":1},"end":{"line":54,"column":2}},{"start":{"line":50,"column":1},"end":{"line":54,"column":2}}],"line":50},"9":{"loc":{"start":{"line":58,"column":13},"end":{"line":58,"column":46}},"type":"binary-expr","locations":[{"start":{"line":58,"column":13},"end":{"line":58,"column":28}},{"start":{"line":58,"column":32},"end":{"line":58,"column":46}}],"line":58},"10":{"loc":{"start":{"line":59,"column":17},"end":{"line":59,"column":31}},"type":"cond-expr","locations":[{"start":{"line":59,"column":23},"end":{"line":59,"column":26}},{"start":{"line":59,"column":29},"end":{"line":59,"column":31}}],"line"
[...]
:17}},"loc":{"start":{"line":130,"column":21},"end":{"line":138,"column":2}},"line":130}},"branchMap":{"0":{"loc":{"start":{"line":18,"column":17},"end":{"line":18,"column":131}},"type":"binary-expr","locations":[{"start":{"line":18,"column":18},"end":{"line":18,"column":26}},{"start":{"line":18,"column":30},"end":{"line":18,"column":54}},{"start":{"line":18,"column":59},"end":{"line":18,"column":131}}],"line":18},"1":{"loc":{"start":{"line":25,"column":1},"end":{"line":29,"column":2}},"type":"if","locations":[{"start":{"line":25,"column":1},"end":{"line":29,"column":2}},{"start":{"line":25,"column":1},"end":{"line":29,"column":2}}],"line":25},"2":{"loc":{"start":{"line":25,"column":5},"end":{"line":25,"column":59}},"type":"binary-expr","locations":[{"start":{"line":25,"column":5},"end":{"line":25,"column":34}},{"start":{"line":25,"column":38},"end":{"line":25,"column":59}}],"line":25},"3":{"loc":{"start":{"line":36,"column":1},"end":{"line":47,"column":2}},"type":"if","locations":[{"start":{"line":36,"column":1},"end":{"line":47,"column":2}},{"start":{"line":36,"column":1},"end":{"line":47,"column":2}}],"line":36},"4":{"loc":{"start":{"line":37,"column":15},"end":{"line":37,"column":100}},"type":"cond-expr","locations":[{"start":{"line":37,"column":47},"end":{"line":37,"column":95}},{"start":{"line":37,"column":98},"end":{"line":37,"column":100}}],"line":37},"5":{"loc":{"start":{"line":39,"column":2},"end":{"line":46,"column":3}},"type":"if","locations":[{"start":{"line":39,"column":2},"end":{"line":46,"column":3}},{"start":{"line":39,"column":2},"end":{"line":46,"column":3}}],"line":39},"6":{"loc":{"start":{"line":39,"column":6},"end":{"line":39,"column":42}},"type":"binary-expr","locations":[{"start":{"line":39,"column":6},"end":{"line":39,"column":21}},{"start":{"line":39,"column":25},"end":{"line":39,"column":42}}],"line":39},"7":{"loc":{"start":{"line":49,"column":6},"end":{"line":49,"column":42}},"type":"cond-expr","locations":[{"start":{"line":49,"column":24},"end":{"line":49,"column":33}},{"start":{"line":49,"column":36},"end":{"line":49,"column":42}}],"line":49},"8":{"loc":{"start":{"line":53,"column":1},"end":{"line":80,"column":2}},"type":"if","locations":[{"start":{"line":53,"column":1},"end":{"line":80,"column":2}},{"start":{"line":53,"column":1},"end":{"line":80,"column":2}}],"line":53},"9":{"loc":{"start":{"line":53,"column":5},"end":{"line":53,"column":95}},"type":"binary-expr","locations":[{"start":{"line":53,"column":5},"end":{"line":53,"column":24}},{"start":{"line":53,"column":28},"end":{"line":53,"column":95}}],"line":53},"10":{"loc":{"start":{"line":53,"column":29},"end":{"line":53,"column":62}},"type":"binary-expr","locations":[{"start":{"line":53,"column":29},"end":{"line":53,"column":56}},{"start":{"line":53,"column":60},"end":{"line":53,"column":62}}],"line":53},"11":{"loc":{"start":{"line":62,"column":3},"end":{"line":69,"column":4}},"type":"if","locations":[{"start":{"line":62,"column":3},"end":{"line":69,"column":4}},{"start":{"line":62,"column":3},"end":{"line":69,"column":4}}],"line":62},"12":{"loc":{"start":{"line":65,"column":4},"end":{"line":68,"column":5}},"type":"if","locations":[{"start":{"line":65,"column":4},"end":{"line":68,"column":5}},{"start":{"line":65,"column":4},"end":{"line":68,"column":5}}],"line":65},"13":{"loc":{"start":{"line":65,"column":8},"end":{"line":65,"column":48}},"type":"binary-expr","locations":[{"start":{"line":65,"column":8},"end":{"line":65,"column":15}},{"start":{"line":65,"column":19},"end":{"line":65,"column":48}}],"line":65},"14":{"loc":{"start":{"line":73,"column":3},"end":{"line":76,"column":4}},"type":"if","locations":[{"start":{"line":73,"column":3},"end":{"line":76,"column":4}},{"start":{"line":73,"column":3},"end":{"line":76,"column":4}}],"line":73},"15":{"loc":{"start":{"line":84,"column":1},"end":{"line":88,"column":2}},"type":"if","locations":[{"start":{"line":84,"column":1},"end":{"line":88,"column":2}},{"start":{"line":84,"column":1},"end":{"line":88,"column":2}}],"line":84},"16":{"loc":{"start":{"line":84,"column":5},"end":{"line":84,"column":109}},"type":"binary-expr","locations":[{"start":{"line":84,"column":5},"end":{"line":84,"column":26}},{"start":{"line":84,"column":30},"end":{"line":84,"column":56}},{"start":{"line":84,"column":61},"end":{"line":84,"column":83}},{"start":{"line":84,"column":87},"end":{"line":84,"column":108}}],"line":84},"17":{"loc":{"start":{"line":94,"column":1},"end":{"line":110,"column":2}},"type":"if","locations":[{"start":{"line":94,"column":1},"end":{"line":110,"column":2}},{"start":{"line":94,"column":1},"end":{"line":110,"column":2}}],"line":94},"18":{"loc":{"start":{"line":94,"column":5},"end":{"line":94,"column":46}},"type":"binary-expr","locations":[{"start":{"line":94,"column":5},"end":{"line":94,"column":29}},{"start":{"line":94,"column":33},"end":{"line":94,"column":46}}],"line":94},"19":{"loc":{"start":{"line":100,"column":2},"end":{"line":109,"column":3}},"type":"if","locations":[{"start":{"line":100,"column":2},"end":{"line":109,"column":3}},{"start":{"line":100,"column":2},"end":{"line":109,"column":3}}],"line":100},"20":{"loc":{"start":{"line":108,"column":13},"end":{"line":108,"column":33}},"type":"binary-expr","locations":[{"start":{"line":108,"column":13},"end":{"line":108,"column":26}},{"start":{"line":108,"column":30},"end":{"line":108,"column":33}}],"line":108},"21":{"loc":{"start":{"line":117,"column":1},"end":{"line":124,"column":2}},"type":"if","locations":[{"start":{"line":117,"column":1},"end":{"line":124,"column":2}},{"start":{"line":117,"column":1},"end":{"line":124,"column":2}}],"line":117},"22":{"loc":{"start":{"line":119,"column":3},"end":{"line":122,"column":4}},"type":"if","locations":[{"start":{"line":119,"column":3},"end":{"line":122,"column":4}},{"start":{"line":119,"column":3},"end":{"line":122,"column":4}}],"line":119},"23":{"loc":{"start":{"line":131,"column":2},"end":{"line":137,"column":3}},"type":"if","locations":[{"start":{"line":131,"column":2},"end":{"line":137,"column":3}},{"start":{"line":131,"column":2},"end":{"line":137,"column":3}}],"line":131},"24":{"loc":{"start":{"line":133,"column":9},"end":{"line":137,"column":3}},"type":"if","locations":[{"start":{"line":133,"column":9},"end":{"line":137,"column":3}},{"start":{"line":133,"column":9},"end":{"line":137,"column":3}}],"line":133}},"s":{"0":1,"1":1,"2":1,"3":1,"4":0,"5":0,"6":19,"7":0,"8":19,"9":5,"10":5,"11":4,"12":1,"13":66,"14":66,"15":4,"16":4,"17":4,"18":4,"19":0,"20":0,"21":66,"22":67,"23":5,"24":5,"25":5,"26":5,"27":5,"28":5,"29":5,"30":5,"31":5,"32":1,"33":1,"34":5,"35":5,"36":4,"37":4,"38":62,"39":9,"40":9,"41":0,"42":18,"43":18,"44":13,"45":5,"46":5,"47":5,"48":4,"49":12,"50":4,"51":1,"52":1,"53":18,"54":18,"55":18,"56":18,"57":16,"58":8,"59":8,"60":18,"61":18,"62":18,"63":17,"64":0,"65":17,"66":8,"67":9,"68":1},"f":{"0":0,"1":19,"2":0,"3":5,"4":66,"5":67,"6":5,"7":5,"8":9,"9":18,"10":18,"11":17},"b":{"0":[19,1,19],"1":[4,1],"2":[5,5],"3":[4,62],"4":[4,0],"5":[4,0],"6":[4,4],"7":[0,66],"8":[5,62],"9":[67,5],"10":[5,0],"11":[5,0],"12":[1,4],"13":[5,2],"14":[4,1],"15":[9,0],"16":[9,0,0,0],"17":[13,5],"18":[18,5],"19":[4,1],"20":[1,0],"21":[18,0],"22":[8,8],"23":[0,17],"24":[8,9]},"_coverageSchema":"1a1c01bbd47fc00a2c39e90264f33305004495a9","hash":"c78679552ecd4e93129f081af088abd56bf31398","contentHash":"5af36eba0090d27a4427beb61528de105e4c4b39bf08be2bd98c4374bae91f8b"},"C:\\Users\\jason\\Projects\\tenso\\lib\\serializers.js":{"path":"C:\\Users\\jason\\Projects\\tenso\\lib\\serializers.js","statementMap":{"0":{"start":{"line":3,"column":23},"end":{"line":3,"column":38}},"1":{"start":{"line":4,"column":15},"end":{"line":4,"column":24}},"2":{"start":{"line":7,"column":1},"end":{"line":12,"column":3}},"3":{"start":{"line":16,"column":1},"end":{"line":16,"column":94}},"4":{"start":{"line":19,"column":0},"end":{"line":19,"column":50}},"5":{"start":{"line":20,"column":0},"end":{"line":20,"column":44}},"6":{"start":{"line":21,"column":0},"end":{"line":21,"column":44}},"7":{"start":{"line":22,"column":0},"end":{"line":22,"column":43}},"8":{"start":{"line":23,"column":0},"end":{"line":23,"column":36}},"9":{"start":{"line":24,"column":0},"end":{"line":24,"column":37}},"10":{"start":{"line":25,"column":0},"end":{"line":25,"column":38}},"11":{"start":{"line":27,"column":0},"end":{"line":27,"column":29}}},"fnMap":{"0":{"name":"custom","decl":{"start":{"line":6,"column":9},"end":{"line":6,"column":15}},"loc":{"start":{"line":6,"column":56},"end":{"line":13,"column":1}},"line":6},"1":{"name":"reduce","decl":{"start":{"line":15,"column":9},"end":{"line":15,"column":15}},"loc":{"start":{"line":15,"column":56},"end":{"line":17,"column":1}},"line":15}},"branchMap":{"0":{"loc":{"start":{"line":6,"column":27},"end":{"line":6,"column":39}},"type":"default-arg","locations":[{"start":{"line":6,"column":36},"end":{"line":6,"column":39}}],"line":6},"1":{"loc":{"start":{"line":6,"column":41},"end":{"line":6,"column":54}},"type":"default-arg","locations":[{"start":{"line":6,"column":49},"end":{"line":6,"column":54}}],"line":6},"2":{"loc":{"start":{"line":9,"column":9},"end":{"line":9,"column":95}},"type":"cond-expr","locations":[{"start":{"line":9,"column":24},"end":{"line":9,"column":88}},{"start":{"line":9,"column":91},"end":{"line":9,"column":95}}],"line":9},"3":{"loc":{"start":{"line":9,"column":24},"end":{"line":9,"column":88}},"type":"binary-expr","locations":[{"start":{"line":9,"column":25},"end":{"line":9,"column":56}},{"start":{"line":9,"column":61},"end":{"line":9,"column":64}},{"start":{"line":9,"column":68},"end":{"line":9,"column":88}}],"line":9},"4":{"loc":{"start":{"line":9,"column":25},"end":{"line":9,"column":56}},"type":"cond-expr","locations":[{"start":{"line":9,"column":33},"end":{"line":9,"column":42}},{"start":{"line":9,"column":45},"end":{"line":9,"column":56}}],"line":9},"5":{"loc":{"start":{"line":15,"column":27},"end":{"line":15,"column":39}},"type":"default-arg","locations":[{"start":{"line":15,"column":36},"end":{"line":15,"column":39}}],"line":15},"6":{"loc":{"start":{"line":15,"column":41},"end":{"line":15,"column":54}},"type":"default-arg","locations":[{"start":{"line":15,"column":49},"end":{"line":15,"column":54}}],"line":15},"7":{"loc":{"start":{"line":16,"column":8},"end":{"line":16,"column":93}},"type":"cond-expr","locations":[{"start":{"line":16,"column":23},"end":{"line":16,"column":87}},{"start":{"line":16,"column":90},"end":{"line":16,"column":93}}],"line":16},"8":{"loc":{"start":{"line":16,"column":23},"end":{"line":16,"column":87}},"type":"binary-expr","locations":[{"start":{"line":16,"column":24},"end":{"line":16,"column":55}},{"start":{"line":16,"column":60},"end":{"line":16,"column":63}},{"start":{"line":16,"column":67},"end":{"line":16,"column":87}}],"line":16},"9":{"loc":{"start":{"line":16,"column":24},"end":{"line":16,"column":55}},"type":"cond-expr","locations":[{"start":{"line":16,"column":32},"end":{"line":16,"column":41}},{"start":{"line":16,"column":44},"end":{"line":16,"column":55}}],"line":16}},"s":{"0":1,"1":1,"2":87,"3":4,"4":1,"5":1,"6":1,"7":1,"8":1,"9":1,"10":1,"11":1},"f":{"0":87,"1":4},"b":{"0":[0],"1":[87],"2":[31,56],"3":[31,0,0],"4":[0,31],"5":[0],"6":[4],"7":[2,2],"8":[2,0,0],"9":[0,2]},"_coverageSchema":"1a1c01bbd47fc00a2c39e90264f33305004495a9","hash":"7ac3b7824172dc03c9607eb1b7aa6f888b4e1e71","contentHash":"c5a38f8193a642a9ec60c0ecf5673449bb120ce2e1c749b188c4857981baa6ae"},"C:\\Users\\jason\\Projects\\tenso\\lib\\base.js":{"path":"C:\\Users\\jason\\Projects\\tenso\\lib\\base.js","statementMap":{"0":{"start":{"line":5,"column":2},"end":{"line":20,"column":4}},"1":{"start":{"line":6,"column":14},"end":{"line":6,"column":20}},"2":{"start":{"line":7,"column":18},"end":{"line":7,"column":24}},"3":{"start":{"line":8,"column":17},"end":{"line":8,"column":23}},"4":{"start":{"line":9,"column":17},"end":{"line":9,"column":23}},"5":{"start":{"line":10,"column":18},"end":{"line":10,"column":24}},"6":{"start":{"line":11,"column":14},"end":{"line":11,"column":20}},"7":{"start":{"line":12,"column":17},"end":{"line":12,"column":23}},"8":{"start":{"line":13,"column":14},"end":{"line":13,"column":20}},"9":{"start":{"line":14,"column":18},"end":{"line":14,"column":24}},"10":{"start":{"line":15,"column":16},"end":{"line":15,"column":22}},"11":{"start":{"line":16,"column":15},"end":{"line":16,"column":21}},"12":{"start":{"line":17,"column":14},"end":{"line":17,"column":20}},"13":{"start":{"line":18,"column":16},"end":{"line":18,"column":22}},"14":{"start":{"line":19,"column":14},"end":{"line":19,"column":20}},"15":{"start":{"line":24,"column":2},"end":{"line":24,"column":32}},"16":{"start":{"line":26,"column":2},"end":{"line":26,"column":14}},"17":{"start":{"line":30,"column":2},"end":{"line":30,"column":37}},"18":{"start":{"line":34,"column":2},"end":{"line":34,"column":38}},"19":{"start":{"line":38,"column":2},"end":{"line":38,"column":30}},"20":{"start":{"line":40,"column":2},"end":{"line":40,"column":14}},"21":{"start":{"line":44,"column":2},"end":{"line":44,"column":31}},"22":{"start":{"line":46,"column":2},"end":{"line":46,"column":14}},"23":{"start":{"line":50,"column":2},"end":{"line":50,"column":30}},"24":{"start":{"line":52,"column":2},"end":{"line":52,"column":14}},"25":{"start":{"line":56,"column":2},"end":{"line":56,"column":30}},"26":{"start":{"line":58,"column":2},"end":{"line":58,"column":14}},"27":{"start":{"line":62,"column":2},"end":{"line":62,"column":27}},"28":{"start":{"line":64,"column":2},"end":{"line":64,"column":14}},"29":{"start":{"line":68,"column":2},"end":{"line":68,"column":31}},"30":{"start":{"line":70,"column":2},"end":{"line":70,"column":14}},"31":{"start":{"line":74,"column":2},"end":{"line":74,"column":29}},"32":{"start":{"line":76,"column":2},"end":{"line":76,"column":14}},"33":{"start":{"line":80,"column":2},"end":{"line":80,"column":28}},"34":{"start":{"line":82,"column":2},"end":{"line":82,"column":14}},"35":{"start":{"line":86,"column":2},"end":{"line":86,"column":27}},"36":{"start":{"line":88,"column":2},"end":{"line":88,"column":14}},"37":{"start":{"line":92,"column":2},"end":{"line":92,"column":29}},"38":{"start":{"line":94,"column":2},"end":{"line":94,"column":14}},"39":{"start":{"line":98,"column":0},"end":{"line":98,"column":22}}},"fnMap":{"0":{"name":"(anonymous_0)","decl":{"start":{"line":4,"column":1},"end":{"line":4,"column":2}},"loc":{"start":{"line":4,"column":16},"end":{"line":21,"column":2}},"line":4},"1":{"name":"(anonymous_1)","decl":{"start":{"line":6,"column":8},"end":{"line":6,"column":9}},"loc":{"start":{"line":6,"column":14},"end":{"line":6,"column":20}},"line":6},"2":{"name":"(anonymous_2)","decl":{"start":{"line":7,"column":12},"end":{"line":7,"column":13}},"loc":{"start":{"line":7,"column":18},"end":{"line":7,"column":24}},"line":7},"3":{"name":"(anonymous_3)","decl":{"start":{"line":8,"column":11},"end":{"line":8,"column":12}},"loc":{"start":{"line":8,"column":17},"end":{"line":8,"column":23}},"line":8},"4":{"name":"(anonymous_4)","decl":{"start":{"line":9,"column":11},"end":{"line":9,"column":12}},"loc":{"start":{"line":9,"column":17},"end":{"line":9,"column":23}},"line":9},"5":{"name":"(anonymous_5)","decl":{"start":{"line":10,"column":12},"end":{"line":10,"column":13}},"loc":{"start":{"line":10,"column":18},"end":{"line":10,"column":24}},"line":10},"6":{"name":"(anonymous_6)","decl":{"start":{"line":11,"column":8},"end":{"line":11,"column":9}},"loc":{"start":{"line":11,"column":14},"end":{"line":11,"column":20}},"line":11},"7":{"name":"(anonymous_7)","decl":{"start":{"line":12,"column":11},"end":{"line":12,"column":12}},"loc":{"start":{"line":12,"column":17},"end":{"line":12,"column":23}},"line":12},"8":{"name":"(anonymous_8)","decl":{"start":{"line":13,"column":8},"end":{"line":13,"column":9}},"loc":{"start":{"line":13,"column":14},"end":{"line":13,"column":20}},"line":13},"9":{"name":"(anonymous_9)","decl":{"start":{"line":14,"column":12},"end":{"line":14,"column":13}},"loc":{"start":{"line":14,"column":18},"end":{"line":14,"column":24}},"line":14},"10":{"name":"(anonymous_10)","decl":{"start":{"line":15,"column":10},"end":{"line":15,"column":11}},"loc":{"start":{"line":15,"column":16},"end":{"line":15,"column":22}},"line":15},"11":{"name":"(anonymous_11)","decl":{"start":{"line":16,"column":9},"end":{"line":16,"column":10}},"loc":{"start":{"line":16,"column":15},"end":{"line":16,"column":21}},"line":16},"12":{"name":"(anonymous_12)","decl":{"start":{"line":17,"column":8},"end":{"line":17,"column":9}},"loc":{"start":{"line":17,"column":14},"end":{"line":17,"column":20}},"line":17},"13":{"name":"(anonymous_13)","decl":{"start":{"line":18,"column":10},"end":{"line":18,"column":11}},"loc":{"start":{"line":18,"column":16},"end":{"line":18,"column":22}},"line":18},"14":{"name":"(anonymous_14)","decl":{"start":{"line":19,"column":8},"end":{"line":19,"column":9}},"loc":{"start":{"line":19,"column":14},"end":{"line":19,"column":20}},"line":19},"15":{"name":"(anonymous_15)","decl":{"start":{"line":23,"column":1},"end":{"line":23,"column":2}},"loc":{"start":{"line":23,"column":17},"end":{"line":27,"column":2}},"line":23},"16":{"name":"(anonymous_16)","decl":{"start":{"line":29,"column":1},"end":{"line":29,"column":2}},"loc":{"start":{"line":29,"column":18},"end":{"line":31,"column":2}},"line":29},"17":{"name":"(anonymous_17)","decl":{"start":{"line":33,"column":1},"end":{"line":33,"column":2}},"loc":{"start":{"line":33,"column":19},"end":{"line":35,"column":2}},"line":33},"18":{"name":"(anonymous_18)","decl":{"start":{"line":37,"column":1},"end":{"line":37,"column":2}},"loc":{"start":{"line":37,"column":18},"end":{"line":41,"column":2}},"line":37},"19":{"name":"(anonymous_19)","decl":{"start":{"line":43,"column":1},"end":{"line":43,"column":2}},"loc":{"start":{"line":43,"column":19},"end":{"line":47,"column":2}},"line":43},"20":{"name":"(anonymous_20)","decl":{"start":{"line":49,"column":1},"end":{"line":49,"column":2}},"loc":{"start":{"line":49,"column":15},"end":{"line":53,"column":2}},"line":49},"21":{"name":"(anonymous_21)","decl":{"start":{"line":55,"column":1},"end":{"line":55,"column":2}},"loc":{"start":{"line":55,"column":18},"end":{"line":59,"column":2}},"line":55},"22":{"name":"(anonymous_22)","decl":{"start":{"line":61,"column":1},"end":{"line":61,"column":2}},"loc":{"start":{"line":61,"column":15},"end":{"line":65,"column":2}},"line":61},"23":{"name":"(anonymous_23)","decl":{"start":{"line":67,"column":1},"end":{"line":67,"column":2}},"loc":{"start":{"line":67,"column":19},"end":{"line":71,"column":2}},"line":67},"24":{"name":"(anonymous_24)","decl":{"start":{"line":73,"column":1},"end":{"line":73,"column":2}},"loc":{"start":{"line":73,"column":17},"end":{"line":77,"column":2}},"line":73},"25":{"name":"(anonymous_25)","decl":{"start":{"line":79,"column":1},"end":{"line":79,"column":2}},"loc":{"start":{"line":79,"column":16},"end":{"line":83,"column":2}},"line":79},"26":{"name":"(anonymous_26)","decl":{"start":{"line":85,"column":1},"end":{"line":85,"column":2}},"loc":{"start":{"line":85,"column":15},"end":{"line":89,"column":2}},"line":85},"27":{"name":"(anonymous_27)","decl":{"start":{"line":91,"column":1},"end":{"line":91,"column":2}},"loc":{"start":{"line":91,"column":17},"end":{"line":95,"column":2}},"line":91}},"branchMap":{},"s":{"0":17,"1":0,"2":0,"3":0,"4":0,"5":0,"6":0,"7":0,"8":0,"9":0,"10":0,"11":0,"12":0,"13":0,"14":0,"15":0,"16":0,"17":0,"18":259,"19":109,"20":109,"21":0,"22":0,"23":0,"24":0,"25":0,"26":0,"27":304,"28":304,"29":0,"30":0,"31":0,"32":0,"33":31,"34":31,"35":0,"36":0,"37":0,"38":0,"39":1},"f":{"0":17,"1":0,"2":0,"3":0,"4":0,"5":0,"6":0,"7":0,"8":0,"9":0,"10":0,"11":0,"12":0,"13":0,"14":0,"15":0,"16":0,"17":259,"18":109,"19":0,"20":0,"21":0,"22":304,"23":0,"24":0,"25":31,"26":0,"27":0},"b":{},"_coverageSchema":"1a1c01bbd47fc00a2c39e90264f33305004495a9","hash":"0f8683c2c6e16363f6c0fec9198f2e3612396a31","contentHash":"5a4f5a7416af45aeda3ec5910949b1e1cb9b34d3f24e962e890dccc62882db70"}}